SET extra_float_digits=0;
PREPARE dummy AS SELECT rdkit_version();
SET rdkit.ignore_reaction_agents=false;
SET rdkit.agent_FP_bit_ratio=0.2;
SET rdkit.difference_FP_weight_agents=1;
SET rdkit.difference_FP_weight_nonagents=10;
SET rdkit.move_unmmapped_reactants_to_agents=true;
SET rdkit.threshold_unmapped_reactant_atoms=0.2;
SET rdkit.init_reaction=true;
SELECT reaction_from_smiles('c1ccccc1>>c1cccnc1');
 reaction_from_smiles 
----------------------
 c1ccccc1>>c1ccncc1
(1 row)

SELECT reaction_from_smiles('c1ccccc1>CC(=O)O>c1cccnc1');
   reaction_from_smiles    
---------------------------
 c1ccccc1>CC(=O)O>c1ccncc1
(1 row)

SELECT reaction_from_smarts('[c1:1][c:2][c:3][c:4]c[c1:5]>CC(=O)O>[c1:1][c:2][c:3][c:4]n[c1:5]');
                              reaction_from_smarts                               
---------------------------------------------------------------------------------
 c([cH:4][cH:3][cH:2][cH2:1])[cH2:5]>CC(=O)O>n([cH:4][cH:3][cH:2][cH2:1])[cH2:5]
(1 row)

SELECT reaction_from_smarts('C(F)(F)F.[c1:1][c:2][c:3][c:4]c[c1:5]>CC(=O)O>[c1:1][c:2][c:3][c:4]n[c1:5]');
                                  reaction_from_smarts                                  
----------------------------------------------------------------------------------------
 c([cH:4][cH:3][cH:2][cH2:1])[cH2:5]>CC(=O)O.FC(F)F>n([cH:4][cH:3][cH:2][cH2:1])[cH2:5]
(1 row)

SELECT reaction_from_smarts('c1ccc[n,c]c1>>c1nccnc1');
 reaction_from_smarts 
----------------------
 *1ccccc1>>c1cnccn1
(1 row)

SELECT reaction_to_smiles(reaction_from_smiles('c1ccccc1>>c1cccnc1'));
 reaction_to_smiles 
--------------------
 c1ccccc1>>c1ccncc1
(1 row)

SELECT reaction_to_smiles(reaction_from_smarts('c1ccc[n,c]c1>>c1nccnc1'));
 reaction_to_smiles 
--------------------
 *1ccccc1>>c1cnccn1
(1 row)

SELECT reaction_to_smarts(reaction_from_smarts('c1ccc[n,c]c1>>c1nccnc1'));
   reaction_to_smarts   
------------------------
 c1ccc[n,c]c1>>c1nccnc1
(1 row)

SELECT reaction_to_smarts('c1cccnc1>>c1nccnc1'::reaction);
                         reaction_to_smarts                         
--------------------------------------------------------------------
 [#6]1:[#6]:[#6]:[#6]:[#7]:[#6]:1>>[#6]1:[#7]:[#6]:[#6]:[#7]:[#6]:1
(1 row)

SELECT reaction_to_ctab(reaction_from_smiles('c1ccccc1>>c1cccnc1'));
                           reaction_to_ctab                            
-----------------------------------------------------------------------
 $RXN                                                                 +
                                                                      +
       RDKit                                                          +
                                                                      +
   1  1                                                               +
 $MOL                                                                 +
                                                                      +
      RDKit          2D                                               +
                                                                      +
   6  6  0  0  0  0  0  0  0  0999 V2000                              +
     1.5000    0.0000    0.0000 C   0  0  0  0  0  0  0  0  0  0  0  0+
     0.7500   -1.2990    0.0000 C   0  0  0  0  0  0  0  0  0  0  0  0+
    -0.7500   -1.2990    0.0000 C   0  0  0  0  0  0  0  0  0  0  0  0+
    -1.5000    0.0000    0.0000 C   0  0  0  0  0  0  0  0  0  0  0  0+
    -0.7500    1.2990    0.0000 C   0  0  0  0  0  0  0  0  0  0  0  0+
     0.7500    1.2990    0.0000 C   0  0  0  0  0  0  0  0  0  0  0  0+
   1  2  4  0                                                         +
   2  3  4  0                                                         +
   3  4  4  0                                                         +
   4  5  4  0                                                         +
   5  6  4  0                                                         +
   6  1  4  0                                                         +
 M  END                                                               +
 $MOL                                                                 +
                                                                      +
      RDKit          2D                                               +
                                                                      +
   6  6  0  0  0  0  0  0  0  0999 V2000                              +
     1.5000    0.0000    0.0000 C   0  0  0  0  0  0  0  0  0  0  0  0+
     0.7500   -1.2990    0.0000 C   0  0  0  0  0  0  0  0  0  0  0  0+
    -0.7500   -1.2990    0.0000 C   0  0  0  0  0  0  0  0  0  0  0  0+
    -1.5000    0.0000    0.0000 C   0  0  0  0  0  0  0  0  0  0  0  0+
    -0.7500    1.2990    0.0000 N   0  0  0  0  0  0  0  0  0  0  0  0+
     0.7500    1.2990    0.0000 C   0  0  0  0  0  0  0  0  0  0  0  0+
   1  2  4  0                                                         +
   2  3  4  0                                                         +
   3  4  4  0                                                         +
   4  5  4  0                                                         +
   5  6  4  0                                                         +
   6  1  4  0                                                         +
 M  END                                                               +
 
(1 row)

SELECT reaction_numreactants(reaction_from_smiles('[Cl].c1ccccc1>>c1cccnc1.[OH2]'));
 reaction_numreactants 
-----------------------
                     2
(1 row)

SELECT reaction_numproducts(reaction_from_smiles('[Cl].c1ccccc1>>c1cccnc1.[OH2]'));
 reaction_numproducts 
----------------------
                    2
(1 row)

SELECT reaction_numagents(reaction_from_smiles('[Cl].c1ccccc1>CC(=O)O.[Na+]>c1cccnc1.[OH2]'));
 reaction_numagents 
--------------------
                  2
(1 row)

SELECT reaction_numagents(reaction_from_smarts('C(F)(F)F.[c1:1][c:2][c:3][c:4]c[c1:5]>CC(=O)O>[c1:1][c:2][c:3][c:4]n[c1:5]'));
 reaction_numagents 
--------------------
                  2
(1 row)

SET rdkit.move_unmmapped_reactants_to_agents=false;
SELECT reaction_numagents(reaction_from_smarts('C(F)(F)F.[c1:1][c:2][c:3][c:4]c[c1:5]>CC(=O)O>[c1:1][c:2][c:3][c:4]n[c1:5]'));
 reaction_numagents 
--------------------
                  1
(1 row)

SET rdkit.move_unmmapped_reactants_to_agents=true;
SET rdkit.threshold_unmapped_reactant_atoms=0.9;
SELECT reaction_numagents(reaction_from_smarts('C(F)(F)F.[c1:1][c:2][c:3][c:4]c[c1:5]>CC(=O)O>[c1:1][c:2][c:3][c:4]n[c1:5]'));
 reaction_numagents 
--------------------
                  3
(1 row)

SET rdkit.threshold_unmapped_reactant_atoms=0.2;
SELECT 'c1ccccc1>>c1cccnc1'::reaction @= 'c1ccccc1>>c1cccnc1'::reaction;
 ?column? 
----------
 t
(1 row)

SELECT 'c1ccccc1>>c1cccnc1'::reaction @= 'c1ccccc1>>c1cncnc1'::reaction;
 ?column? 
----------
 f
(1 row)

SELECT reaction_from_ctab('$RXN                                                                 
                                                                     
      RDKit                                                          
                                                                     
  1  1                                                               
$MOL                                                                 
                                                                     
     RDKit                                                           
                                                                     
  6  6  0  0  0  0  0  0  0  0999 V2000                              
    0.0000    0.0000    0.0000 C   0  0  0  0  0  0  0  0  0  0  0  0
    0.0000    0.0000    0.0000 C   0  0  0  0  0  0  0  0  0  0  0  0
    0.0000    0.0000    0.0000 C   0  0  0  0  0  0  0  0  0  0  0  0
    0.0000    0.0000    0.0000 C   0  0  0  0  0  0  0  0  0  0  0  0
    0.0000    0.0000    0.0000 C   0  0  0  0  0  0  0  0  0  0  0  0
    0.0000    0.0000    0.0000 C   0  0  0  0  0  0  0  0  0  0  0  0
  1  2  4  0                                                         
  2  3  4  0                                                         
  3  4  4  0                                                         
  4  5  4  0                                                         
  5  6  4  0                                                         
  6  1  4  0                                                         
M  END                                                               
$MOL                                                                 
                                                                     
     RDKit                                                           
                                                                     
  6  6  0  0  0  0  0  0  0  0999 V2000                              
    0.0000    0.0000    0.0000 C   0  0  0  0  0  0  0  0  0  0  0  0
    0.0000    0.0000    0.0000 C   0  0  0  0  0  0  0  0  0  0  0  0
    0.0000    0.0000    0.0000 C   0  0  0  0  0  0  0  0  0  0  0  0
    0.0000    0.0000    0.0000 C   0  0  0  0  0  0  0  0  0  0  0  0
    0.0000    0.0000    0.0000 N   0  0  0  0  0  0  0  0  0  0  0  0
    0.0000    0.0000    0.0000 C   0  0  0  0  0  0  0  0  0  0  0  0
  1  2  4  0                                                         
  2  3  4  0                                                         
  3  4  4  0                                                         
  4  5  4  0                                                         
  5  6  4  0                                                         
  6  1  4  0                                                         
M  END');
 reaction_from_ctab 
--------------------
 c1ccccc1>>c1ccncc1
(1 row)

CREATE TABLE tmp (id integer, tmprxn text);
\copy tmp from 'data/reaction_test_data.out.rsmi';
select * into pgreactions from (select id,reaction_from_smiles(tmprxn::cstring) rxn from tmp) as r where r is not null;
SET rdkit.move_unmmapped_reactants_to_agents=false;
select * into pgreactions_unchanged from (select id,reaction_from_smiles(tmprxn::cstring) rxn from tmp) as r where r is not null;
DROP table tmp;
SET rdkit.move_unmmapped_reactants_to_agents=true;
SELECT count(*) FROM pgreactions;
 count 
-------
  1000
(1 row)

SELECT count(*) FROM pgreactions_unchanged;
 count 
-------
  1000
(1 row)

SELECT SUM(reaction_numreactants(rxn)) FROM pgreactions;
 sum  
------
 1898
(1 row)

SELECT SUM(reaction_numreactants(rxn)) FROM pgreactions_unchanged;
 sum  
------
 3517
(1 row)

SELECT SUM(reaction_numproducts(rxn)) FROM pgreactions;
 sum  
------
 1157
(1 row)

SELECT SUM(reaction_numproducts(rxn)) FROM pgreactions_unchanged;
 sum  
------
 1157
(1 row)

SELECT SUM(reaction_numagents(rxn)) FROM pgreactions;
 sum  
------
 2528
(1 row)

SELECT SUM(reaction_numagents(rxn)) FROM pgreactions_unchanged;
 sum 
-----
 909
(1 row)

CREATE INDEX rxnidx ON pgreactions USING gist(rxn);
SET enable_indexscan=off;
SET enable_bitmapscan=off;
SET enable_seqscan=on;
SELECT count(*) FROM pgreactions WHERE rxn@>'c1ccccc1>>c1ccncc1';
 count 
-------
    47
(1 row)

SELECT count(*) FROM pgreactions WHERE rxn@>'c1cnccc1>>c1ccccc1';
 count 
-------
    50
(1 row)

SELECT count(*) FROM pgreactions WHERE 'c1ccccc1>>c1ccncc1'<@rxn;
 count 
-------
    47
(1 row)

SELECT count(*) FROM pgreactions WHERE 'c1cnccc1>>c1ccccc1'<@rxn;
 count 
-------
    50
(1 row)

SELECT count(*) FROM pgreactions WHERE rxn@>'c1ccccc1>>';
 count 
-------
   667
(1 row)

SELECT count(*) FROM pgreactions WHERE rxn@>'c1cnccc1>>';
 count 
-------
    83
(1 row)

SELECT count(*) FROM pgreactions WHERE 'c1ccccc1>>'<@rxn;
 count 
-------
   667
(1 row)

SELECT count(*) FROM pgreactions WHERE 'c1cnccc1>>'<@rxn;
 count 
-------
    83
(1 row)

SELECT count(*) FROM pgreactions WHERE rxn@>'>>c1ccncc1';
 count 
-------
    79
(1 row)

SELECT count(*) FROM pgreactions WHERE rxn@>'>>c1ccccc1';
 count 
-------
   650
(1 row)

SELECT count(*) FROM pgreactions WHERE '>>c1ccncc1'<@rxn;
 count 
-------
    79
(1 row)

SELECT count(*) FROM pgreactions WHERE '>>c1ccccc1'<@rxn;
 count 
-------
   650
(1 row)

SET enable_indexscan=on;
SET enable_bitmapscan=on;
SET enable_seqscan=off;
SELECT count(*) FROM pgreactions WHERE rxn@>'c1ccccc1>>c1ccncc1';
 count 
-------
    47
(1 row)

SELECT count(*) FROM pgreactions WHERE rxn@>'c1cnccc1>>c1ccccc1';
 count 
-------
    50
(1 row)

SELECT count(*) FROM pgreactions WHERE 'c1ccccc1>>c1ccncc1'<@rxn;
 count 
-------
    47
(1 row)

SELECT count(*) FROM pgreactions WHERE 'c1cnccc1>>c1ccccc1'<@rxn;
 count 
-------
    50
(1 row)

SELECT count(*) FROM pgreactions WHERE rxn@>'c1ccccc1>>';
 count 
-------
   667
(1 row)

SELECT count(*) FROM pgreactions WHERE rxn@>'c1cnccc1>>';
 count 
-------
    83
(1 row)

SELECT count(*) FROM pgreactions WHERE 'c1ccccc1>>'<@rxn;
 count 
-------
   667
(1 row)

SELECT count(*) FROM pgreactions WHERE 'c1cnccc1>>'<@rxn;
 count 
-------
    83
(1 row)

SELECT count(*) FROM pgreactions WHERE rxn@>'>>c1ccncc1';
 count 
-------
    79
(1 row)

SELECT count(*) FROM pgreactions WHERE rxn@>'>>c1ccccc1';
 count 
-------
   650
(1 row)

SELECT count(*) FROM pgreactions WHERE '>>c1ccncc1'<@rxn;
 count 
-------
    79
(1 row)

SELECT count(*) FROM pgreactions WHERE '>>c1ccccc1'<@rxn;
 count 
-------
   650
(1 row)

SELECT count(*) FROM pgreactions WHERE rxn?>'c1ccccc1>>c1ccncc1';
 count 
-------
    47
(1 row)

SELECT count(*) FROM pgreactions WHERE rxn?>'c1cnccc1>>c1ccccc1';
 count 
-------
    50
(1 row)

SELECT count(*) FROM pgreactions WHERE 'c1ccccc1>>c1ccncc1'?<rxn;
 count 
-------
    47
(1 row)

SELECT count(*) FROM pgreactions WHERE 'c1cnccc1>>c1ccccc1'?<rxn;
 count 
-------
    50
(1 row)

SELECT count(*) FROM pgreactions WHERE rxn?>'c1ccccc1>>';
 count 
-------
   667
(1 row)

SELECT count(*) FROM pgreactions WHERE rxn?>'c1cnccc1>>';
 count 
-------
    83
(1 row)

SELECT count(*) FROM pgreactions WHERE 'c1ccccc1>>'?<rxn;
 count 
-------
   667
(1 row)

SELECT count(*) FROM pgreactions WHERE 'c1cnccc1>>'?<rxn;
 count 
-------
    83
(1 row)

SELECT count(*) FROM pgreactions WHERE rxn?>'>>c1ccncc1';
 count 
-------
    79
(1 row)

SELECT count(*) FROM pgreactions WHERE rxn?>'>>c1ccccc1';
 count 
-------
   650
(1 row)

SELECT count(*) FROM pgreactions WHERE '>>c1ccncc1'?<rxn;
 count 
-------
    79
(1 row)

SELECT count(*) FROM pgreactions WHERE '>>c1ccccc1'?<rxn;
 count 
-------
   650
(1 row)

SELECT tanimoto_sml(reaction_difference_fp('c1ccccc1>>c1ccncc1',1), reaction_difference_fp('c1ccccc1>>c1ccncc1',1));
 tanimoto_sml 
--------------
            1
(1 row)

SELECT tanimoto_sml(reaction_difference_fp('c1ccccc1>>c1ccncc1',1), reaction_difference_fp('c1ncccc1>>c1ncncc1',1));
   tanimoto_sml    
-------------------
 0.636363636363636
(1 row)

SELECT tanimoto_sml(reaction_difference_fp('c1ccccc1>CC(=O)O.[Na+]>c1ccncc1',1), reaction_difference_fp('c1ccccc1>CC(=O)O.[Na+]>c1ccncc1',1));
 tanimoto_sml 
--------------
            1
(1 row)

SELECT tanimoto_sml(reaction_difference_fp('c1ccccc1>CC(=O)O.[Na+]>c1ccncc1',1), reaction_difference_fp('c1ncccc1>[Na+]>c1ncncc1',1));
   tanimoto_sml    
-------------------
 0.603448275862069
(1 row)

SELECT tanimoto_sml(reaction_difference_fp('c1ccccc1>>c1ccncc1',2), reaction_difference_fp('c1ccccc1>>c1ccncc1',2));
 tanimoto_sml 
--------------
            1
(1 row)

SELECT tanimoto_sml(reaction_difference_fp('c1ccccc1>>c1ccncc1',2), reaction_difference_fp('c1ncccc1>>c1ncncc1',2));
 tanimoto_sml 
--------------
          0.2
(1 row)

SELECT tanimoto_sml(reaction_difference_fp('c1ccccc1>CC(=O)O.[Na+]>c1ccncc1',2), reaction_difference_fp('c1ccccc1>CC(=O)O.[Na+]>c1ccncc1',2));
 tanimoto_sml 
--------------
            1
(1 row)

SELECT tanimoto_sml(reaction_difference_fp('c1ccccc1>CC(=O)O.[Na+]>c1ccncc1',2), reaction_difference_fp('c1ncccc1>[Na+]>c1ncncc1',2));
 tanimoto_sml 
--------------
          0.2
(1 row)

SELECT tanimoto_sml(reaction_difference_fp('c1ccccc1>>c1ccncc1',3), reaction_difference_fp('c1ccccc1>>c1ccncc1',3));
 tanimoto_sml 
--------------
            1
(1 row)

SELECT tanimoto_sml(reaction_difference_fp('c1ccccc1>>c1ccncc1',3), reaction_difference_fp('c1ncccc1>>c1ncncc1',3));
   tanimoto_sml    
-------------------
 0.454545454545455
(1 row)

SELECT tanimoto_sml(reaction_difference_fp('c1ccccc1>CC(=O)O.[Na+]>c1ccncc1',3), reaction_difference_fp('c1ccccc1>CC(=O)O.[Na+]>c1ccncc1',3));
 tanimoto_sml 
--------------
            1
(1 row)

SELECT tanimoto_sml(reaction_difference_fp('c1ccccc1>CC(=O)O.[Na+]>c1ccncc1',3), reaction_difference_fp('c1ncccc1>[Na+]>c1ncncc1',3));
   tanimoto_sml    
-------------------
 0.444933920704846
(1 row)

SELECT tanimoto_sml(reaction_structural_bfp('c1ccccc1>>c1ccncc1',1), reaction_structural_bfp('c1ccccc1>>c1ccncc1',1));
 tanimoto_sml 
--------------
            1
(1 row)

SELECT tanimoto_sml(reaction_structural_bfp('c1ccccc1>>c1ccncc1',1), reaction_structural_bfp('c1ncccc1>>c1ncncc1',1));
   tanimoto_sml    
-------------------
 0.620689655172414
(1 row)

SELECT tanimoto_sml(reaction_structural_bfp('c1ccccc1>CC(=O)O.[Na+]>c1ccncc1',1), reaction_structural_bfp('c1ccccc1>CC(=O)O.[Na+]>c1ccncc1',1));
 tanimoto_sml 
--------------
            1
(1 row)

SELECT tanimoto_sml(reaction_structural_bfp('c1ccccc1>CC(=O)O.[Na+]>c1ccncc1',1), reaction_structural_bfp('c1ncccc1>[Na+]>c1ncncc1',1));
   tanimoto_sml    
-------------------
 0.514285714285714
(1 row)

SELECT tanimoto_sml(reaction_structural_bfp('c1ccccc1>>c1ccncc1',2), reaction_structural_bfp('c1ccccc1>>c1ccncc1',2));
 tanimoto_sml 
--------------
            1
(1 row)

SELECT tanimoto_sml(reaction_structural_bfp('c1ccccc1>>c1ccncc1',2), reaction_structural_bfp('c1ncccc1>>c1ncncc1',2));
   tanimoto_sml    
-------------------
 0.461538461538462
(1 row)

SELECT tanimoto_sml(reaction_structural_bfp('c1ccccc1>CC(=O)O.[Na+]>c1ccncc1',2), reaction_structural_bfp('c1ccccc1>CC(=O)O.[Na+]>c1ccncc1',2));
 tanimoto_sml 
--------------
            1
(1 row)

SELECT tanimoto_sml(reaction_structural_bfp('c1ccccc1>CC(=O)O.[Na+]>c1ccncc1',2), reaction_structural_bfp('c1ncccc1>[Na+]>c1ncncc1',2));
   tanimoto_sml    
-------------------
 0.461538461538462
(1 row)

SELECT tanimoto_sml(reaction_structural_bfp('c1ccccc1>>c1ccncc1',3), reaction_structural_bfp('c1ccccc1>>c1ccncc1',3));
 tanimoto_sml 
--------------
            1
(1 row)

SELECT tanimoto_sml(reaction_structural_bfp('c1ccccc1>>c1ccncc1',3), reaction_structural_bfp('c1ncccc1>>c1ncncc1',3));
   tanimoto_sml    
-------------------
 0.409090909090909
(1 row)

SELECT tanimoto_sml(reaction_structural_bfp('c1ccccc1>CC(=O)O.[Na+]>c1ccncc1',3), reaction_structural_bfp('c1ccccc1>CC(=O)O.[Na+]>c1ccncc1',3));
 tanimoto_sml 
--------------
            1
(1 row)

SELECT tanimoto_sml(reaction_structural_bfp('c1ccccc1>CC(=O)O.[Na+]>c1ccncc1',3), reaction_structural_bfp('c1ncccc1>[Na+]>c1ncncc1',3));
   tanimoto_sml   
------------------
 0.32258064516129
(1 row)

SELECT tanimoto_sml(reaction_structural_bfp('c1ccccc1>>c1ccncc1',4), reaction_structural_bfp('c1ccccc1>>c1ccncc1',4));
 tanimoto_sml 
--------------
            1
(1 row)

SELECT tanimoto_sml(reaction_structural_bfp('c1ccccc1>>c1ccncc1',4), reaction_structural_bfp('c1ncccc1>>c1ncncc1',4));
   tanimoto_sml   
------------------
 0.27710843373494
(1 row)

SELECT tanimoto_sml(reaction_structural_bfp('c1ccccc1>CC(=O)O.[Na+]>c1ccncc1',4), reaction_structural_bfp('c1ccccc1>CC(=O)O.[Na+]>c1ccncc1',4));
 tanimoto_sml 
--------------
            1
(1 row)

SELECT tanimoto_sml(reaction_structural_bfp('c1ccccc1>CC(=O)O.[Na+]>c1ccncc1',4), reaction_structural_bfp('c1ncccc1>[Na+]>c1ncncc1',4));
   tanimoto_sml    
-------------------
 0.237113402061856
(1 row)

SELECT tanimoto_sml(reaction_structural_bfp('c1ccccc1>>c1ccncc1',5), reaction_structural_bfp('c1ccccc1>>c1ccncc1',5));
 tanimoto_sml 
--------------
            1
(1 row)

SELECT tanimoto_sml(reaction_structural_bfp('c1ccccc1>>c1ccncc1',5), reaction_structural_bfp('c1ncccc1>>c1ncncc1',5));
   tanimoto_sml    
-------------------
 0.793388429752066
(1 row)

SELECT tanimoto_sml(reaction_structural_bfp('c1ccccc1>CC(=O)O.[Na+]>c1ccncc1',5), reaction_structural_bfp('c1ccccc1>CC(=O)O.[Na+]>c1ccncc1',5));
 tanimoto_sml 
--------------
            1
(1 row)

SELECT tanimoto_sml(reaction_structural_bfp('c1ccccc1>CC(=O)O.[Na+]>c1ccncc1',5), reaction_structural_bfp('c1ncccc1>[Na+]>c1ncncc1',5));
   tanimoto_sml    
-------------------
 0.604938271604938
(1 row)

SET rdkit.agent_FP_bit_ratio=0.5;
SET rdkit.difference_FP_weight_agents=-3;
SET rdkit.difference_FP_weight_nonagents=7;
SELECT tanimoto_sml(reaction_difference_fp('c1ccccc1>>c1ccncc1',1), reaction_difference_fp('c1ccccc1>>c1ccncc1',1));
 tanimoto_sml 
--------------
            1
(1 row)

SELECT tanimoto_sml(reaction_difference_fp('c1ccccc1>>c1ccncc1',1), reaction_difference_fp('c1ncccc1>>c1ncncc1',1));
   tanimoto_sml    
-------------------
 0.636363636363636
(1 row)

SELECT tanimoto_sml(reaction_difference_fp('c1ccccc1>CC(=O)O.[Na+]>c1ccncc1',1), reaction_difference_fp('c1ccccc1>CC(=O)O.[Na+]>c1ccncc1',1));
 tanimoto_sml 
--------------
            1
(1 row)

SELECT tanimoto_sml(reaction_difference_fp('c1ccccc1>CC(=O)O.[Na+]>c1ccncc1',1), reaction_difference_fp('c1ncccc1>[Na+]>c1ncncc1',1));
   tanimoto_sml    
-------------------
 0.515789473684211
(1 row)

SELECT tanimoto_sml(reaction_difference_fp('c1ccccc1>>c1ccncc1',2), reaction_difference_fp('c1ccccc1>>c1ccncc1',2));
 tanimoto_sml 
--------------
            1
(1 row)

SELECT tanimoto_sml(reaction_difference_fp('c1ccccc1>>c1ccncc1',2), reaction_difference_fp('c1ncccc1>>c1ncncc1',2));
 tanimoto_sml 
--------------
          0.2
(1 row)

SELECT tanimoto_sml(reaction_difference_fp('c1ccccc1>CC(=O)O.[Na+]>c1ccncc1',2), reaction_difference_fp('c1ccccc1>CC(=O)O.[Na+]>c1ccncc1',2));
 tanimoto_sml 
--------------
            1
(1 row)

SELECT tanimoto_sml(reaction_difference_fp('c1ccccc1>CC(=O)O.[Na+]>c1ccncc1',2), reaction_difference_fp('c1ncccc1>[Na+]>c1ncncc1',2));
 tanimoto_sml 
--------------
          0.2
(1 row)

SELECT tanimoto_sml(reaction_difference_fp('c1ccccc1>>c1ccncc1',3), reaction_difference_fp('c1ccccc1>>c1ccncc1',3));
 tanimoto_sml 
--------------
            1
(1 row)

SELECT tanimoto_sml(reaction_difference_fp('c1ccccc1>>c1ccncc1',3), reaction_difference_fp('c1ncccc1>>c1ncncc1',3));
   tanimoto_sml    
-------------------
 0.454545454545455
(1 row)

SELECT tanimoto_sml(reaction_difference_fp('c1ccccc1>CC(=O)O.[Na+]>c1ccncc1',3), reaction_difference_fp('c1ccccc1>CC(=O)O.[Na+]>c1ccncc1',3));
 tanimoto_sml 
--------------
            1
(1 row)

SELECT tanimoto_sml(reaction_difference_fp('c1ccccc1>CC(=O)O.[Na+]>c1ccncc1',3), reaction_difference_fp('c1ncccc1>[Na+]>c1ncncc1',3));
   tanimoto_sml    
-------------------
 0.403314917127072
(1 row)

SELECT tanimoto_sml(reaction_structural_bfp('c1ccccc1>>c1ccncc1',1), reaction_structural_bfp('c1ccccc1>>c1ccncc1',1));
 tanimoto_sml 
--------------
            1
(1 row)

SELECT tanimoto_sml(reaction_structural_bfp('c1ccccc1>>c1ccncc1',1), reaction_structural_bfp('c1ncccc1>>c1ncncc1',1));
   tanimoto_sml    
-------------------
 0.620689655172414
(1 row)

SELECT tanimoto_sml(reaction_structural_bfp('c1ccccc1>CC(=O)O.[Na+]>c1ccncc1',1), reaction_structural_bfp('c1ccccc1>CC(=O)O.[Na+]>c1ccncc1',1));
 tanimoto_sml 
--------------
            1
(1 row)

SELECT tanimoto_sml(reaction_structural_bfp('c1ccccc1>CC(=O)O.[Na+]>c1ccncc1',1), reaction_structural_bfp('c1ncccc1>[Na+]>c1ncncc1',1));
   tanimoto_sml    
-------------------
 0.514285714285714
(1 row)

SELECT tanimoto_sml(reaction_structural_bfp('c1ccccc1>>c1ccncc1',2), reaction_structural_bfp('c1ccccc1>>c1ccncc1',2));
 tanimoto_sml 
--------------
            1
(1 row)

SELECT tanimoto_sml(reaction_structural_bfp('c1ccccc1>>c1ccncc1',2), reaction_structural_bfp('c1ncccc1>>c1ncncc1',2));
   tanimoto_sml    
-------------------
 0.444444444444444
(1 row)

SELECT tanimoto_sml(reaction_structural_bfp('c1ccccc1>CC(=O)O.[Na+]>c1ccncc1',2), reaction_structural_bfp('c1ccccc1>CC(=O)O.[Na+]>c1ccncc1',2));
 tanimoto_sml 
--------------
            1
(1 row)

SELECT tanimoto_sml(reaction_structural_bfp('c1ccccc1>CC(=O)O.[Na+]>c1ccncc1',2), reaction_structural_bfp('c1ncccc1>[Na+]>c1ncncc1',2));
   tanimoto_sml    
-------------------
 0.444444444444444
(1 row)

SELECT tanimoto_sml(reaction_structural_bfp('c1ccccc1>>c1ccncc1',3), reaction_structural_bfp('c1ccccc1>>c1ccncc1',3));
 tanimoto_sml 
--------------
            1
(1 row)

SELECT tanimoto_sml(reaction_structural_bfp('c1ccccc1>>c1ccncc1',3), reaction_structural_bfp('c1ncccc1>>c1ncncc1',3));
   tanimoto_sml    
-------------------
 0.428571428571429
(1 row)

SELECT tanimoto_sml(reaction_structural_bfp('c1ccccc1>CC(=O)O.[Na+]>c1ccncc1',3), reaction_structural_bfp('c1ccccc1>CC(=O)O.[Na+]>c1ccncc1',3));
 tanimoto_sml 
--------------
            1
(1 row)

SELECT tanimoto_sml(reaction_structural_bfp('c1ccccc1>CC(=O)O.[Na+]>c1ccncc1',3), reaction_structural_bfp('c1ncccc1>[Na+]>c1ncncc1',3));
   tanimoto_sml    
-------------------
 0.344827586206897
(1 row)

SELECT tanimoto_sml(reaction_structural_bfp('c1ccccc1>>c1ccncc1',4), reaction_structural_bfp('c1ccccc1>>c1ccncc1',4));
 tanimoto_sml 
--------------
            1
(1 row)

SELECT tanimoto_sml(reaction_structural_bfp('c1ccccc1>>c1ccncc1',4), reaction_structural_bfp('c1ncccc1>>c1ncncc1',4));
   tanimoto_sml    
-------------------
 0.285714285714286
(1 row)

SELECT tanimoto_sml(reaction_structural_bfp('c1ccccc1>CC(=O)O.[Na+]>c1ccncc1',4), reaction_structural_bfp('c1ccccc1>CC(=O)O.[Na+]>c1ccncc1',4));
 tanimoto_sml 
--------------
            1
(1 row)

SELECT tanimoto_sml(reaction_structural_bfp('c1ccccc1>CC(=O)O.[Na+]>c1ccncc1',4), reaction_structural_bfp('c1ncccc1>[Na+]>c1ncncc1',4));
   tanimoto_sml    
-------------------
 0.244897959183673
(1 row)

SELECT tanimoto_sml(reaction_structural_bfp('c1ccccc1>>c1ccncc1',5), reaction_structural_bfp('c1ccccc1>>c1ccncc1',5));
 tanimoto_sml 
--------------
            1
(1 row)

SELECT tanimoto_sml(reaction_structural_bfp('c1ccccc1>>c1ccncc1',5), reaction_structural_bfp('c1ncccc1>>c1ncncc1',5));
 tanimoto_sml 
--------------
          0.8
(1 row)

SELECT tanimoto_sml(reaction_structural_bfp('c1ccccc1>CC(=O)O.[Na+]>c1ccncc1',5), reaction_structural_bfp('c1ccccc1>CC(=O)O.[Na+]>c1ccncc1',5));
 tanimoto_sml 
--------------
            1
(1 row)

SELECT tanimoto_sml(reaction_structural_bfp('c1ccccc1>CC(=O)O.[Na+]>c1ccncc1',5), reaction_structural_bfp('c1ncccc1>[Na+]>c1ncncc1',5));
   tanimoto_sml    
-------------------
 0.608695652173913
(1 row)

SET rdkit.ignore_reaction_agents=true;
SELECT tanimoto_sml(reaction_difference_fp('c1ccccc1>>c1ccncc1',1), reaction_difference_fp('c1ccccc1>>c1ccncc1',1));
 tanimoto_sml 
--------------
            1
(1 row)

SELECT tanimoto_sml(reaction_difference_fp('c1ccccc1>>c1ccncc1',1), reaction_difference_fp('c1ncccc1>>c1ncncc1',1));
   tanimoto_sml    
-------------------
 0.636363636363636
(1 row)

SELECT tanimoto_sml(reaction_difference_fp('c1ccccc1>CC(=O)O.[Na+]>c1ccncc1',1), reaction_difference_fp('c1ccccc1>CC(=O)O.[Na+]>c1ccncc1',1));
 tanimoto_sml 
--------------
            1
(1 row)

SELECT tanimoto_sml(reaction_difference_fp('c1ccccc1>CC(=O)O.[Na+]>c1ccncc1',1), reaction_difference_fp('c1ncccc1>[Na+]>c1ncncc1',1));
   tanimoto_sml    
-------------------
 0.636363636363636
(1 row)

SELECT tanimoto_sml(reaction_structural_bfp('c1ccccc1>>c1ccncc1',5), reaction_structural_bfp('c1ccccc1>>c1ccncc1',5));
 tanimoto_sml 
--------------
            1
(1 row)

SELECT tanimoto_sml(reaction_structural_bfp('c1ccccc1>>c1ccncc1',5), reaction_structural_bfp('c1ncccc1>>c1ncncc1',5));
 tanimoto_sml 
--------------
          0.8
(1 row)

SELECT tanimoto_sml(reaction_structural_bfp('c1ccccc1>CC(=O)O.[Na+]>c1ccncc1',5), reaction_structural_bfp('c1ccccc1>CC(=O)O.[Na+]>c1ccncc1',5));
 tanimoto_sml 
--------------
            1
(1 row)

SELECT tanimoto_sml(reaction_structural_bfp('c1ccccc1>CC(=O)O.[Na+]>c1ccncc1',5), reaction_structural_bfp('c1ncccc1>[Na+]>c1ncncc1',5));
 tanimoto_sml 
--------------
          0.8
(1 row)

SELECT reaction_to_svg('[C:1][O:2].[C:3][C:4]>>[C:1][O:2][C:3][C:4]'::reaction) svg;
                                                                                                                                                   svg                                                                                                                                                   
---------------------------------------------------------------------------------------------------------------------------------------------------------------------------------------------------------------------------------------------------------------------------------------------------------
 <?xml version='1.0' encoding='iso-8859-1'?>                                                                                                                                                                                                                                                            +
 <svg version='1.1' baseProfile='full'                                                                                                                                                                                                                                                                  +
               xmlns='http://www.w3.org/2000/svg'                                                                                                                                                                                                                                                       +
                       xmlns:rdkit='http://www.rdkit.org/xml'                                                                                                                                                                                                                                           +
                       xmlns:xlink='http://www.w3.org/1999/xlink'                                                                                                                                                                                                                                       +
                   xml:space='preserve'                                                                                                                                                                                                                                                                 +
 width='400px' height='200px' viewBox='0 0 400 200'>                                                                                                                                                                                                                                                    +
 <!-- END OF HEADER -->                                                                                                                                                                                                                                                                                 +
 <rect style='opacity:1.0;fill:#FFFFFF;stroke:none' width='400' height='200' x='0' y='0'> </rect>                                                                                                                                                                                                       +
 <path class='bond-0' d='M 46.979,97.771 L 50.4163,97.771' style='fill:none;fill-rule:evenodd;stroke:#000000;stroke-width:2px;stroke-linecap:butt;stroke-linejoin:miter;stroke-opacity:1' />                                                                                                            +
 <path class='bond-0' d='M 50.4163,97.771 L 53.8536,97.771' style='fill:none;fill-rule:evenodd;stroke:#FF0000;stroke-width:2px;stroke-linecap:butt;stroke-linejoin:miter;stroke-opacity:1' />                                                                                                           +
 <path class='bond-1' d='M 139.953,97.771 L 147.1,97.771' style='fill:none;fill-rule:evenodd;stroke:#000000;stroke-width:2px;stroke-linecap:butt;stroke-linejoin:miter;stroke-opacity:1' />                                                                                                             +
 <path class='bond-2' d='M 308.037,95.8991 L 310.503,94.8496' style='fill:none;fill-rule:evenodd;stroke:#000000;stroke-width:2px;stroke-linecap:butt;stroke-linejoin:miter;stroke-opacity:1' />                                                                                                         +
 <path class='bond-2' d='M 310.503,94.8496 L 312.97,93.8' style='fill:none;fill-rule:evenodd;stroke:#FF0000;stroke-width:2px;stroke-linecap:butt;stroke-linejoin:miter;stroke-opacity:1' />                                                                                                             +
 <path class='bond-3' d='M 326.2,94.5154 L 330.529,97.771' style='fill:none;fill-rule:evenodd;stroke:#FF0000;stroke-width:2px;stroke-linecap:butt;stroke-linejoin:miter;stroke-opacity:1' />                                                                                                            +
 <path class='bond-3' d='M 330.529,97.771 L 334.857,101.027' style='fill:none;fill-rule:evenodd;stroke:#000000;stroke-width:2px;stroke-linecap:butt;stroke-linejoin:miter;stroke-opacity:1' />                                                                                                          +
 <path class='bond-4' d='M 347.816,101.858 L 355.05,98.7796' style='fill:none;fill-rule:evenodd;stroke:#000000;stroke-width:2px;stroke-linecap:butt;stroke-linejoin:miter;stroke-opacity:1' />                                                                                                          +
 <text dominant-baseline="central" text-anchor="end" x='46.0874' y='99.1084' style='font-size:8px;font-style:normal;font-weight:normal;fill-opacity:1;stroke:none;font-family:sans-serif;fill:#000000' ><tspan>C:1</tspan><tspan>&#x2219;</tspan><tspan>&#x2219;</tspan><tspan>&#x2219;</tspan></text>  +
 <text dominant-baseline="central" text-anchor="start" x='54.7452' y='99.1084' style='font-size:8px;font-style:normal;font-weight:normal;fill-opacity:1;stroke:none;font-family:sans-serif;fill:#FF0000' ><tspan>O:2</tspan><tspan>&#x2219;</tspan></text>                                              +
 <text dominant-baseline="central" text-anchor="end" x='139.062' y='99.1084' style='font-size:8px;font-style:normal;font-weight:normal;fill-opacity:1;stroke:none;font-family:sans-serif;fill:#000000' ><tspan>C:3</tspan><tspan>&#x2219;</tspan><tspan>&#x2219;</tspan><tspan>&#x2219;</tspan></text>  +
 <text dominant-baseline="central" text-anchor="start" x='147.992' y='99.1084' style='font-size:8px;font-style:normal;font-weight:normal;fill-opacity:1;stroke:none;font-family:sans-serif;fill:#000000' ><tspan>C:4</tspan><tspan>&#x2219;</tspan><tspan>&#x2219;</tspan><tspan>&#x2219;</tspan></text>+
 <text dominant-baseline="central" text-anchor="end" x='307.145' y='101.321' style='font-size:8px;font-style:normal;font-weight:normal;fill-opacity:1;stroke:none;font-family:sans-serif;fill:#000000' ><tspan>C:1</tspan><tspan>&#x2219;</tspan><tspan>&#x2219;</tspan><tspan>&#x2219;</tspan></text>  +
 <text dominant-baseline="central" text-anchor="middle" x='320.812' y='91.6785' style='font-size:8px;font-style:normal;font-weight:normal;fill-opacity:1;stroke:none;font-family:sans-serif;fill:#FF0000' ><tspan>O:2</tspan></text>                                                                    +
 <text dominant-baseline="central" text-anchor="middle" x='340.245' y='106.295' style='font-size:8px;font-style:normal;font-weight:normal;fill-opacity:1;stroke:none;font-family:sans-serif;fill:#000000' ><tspan>C:3</tspan></text>                                                                    +
 <text dominant-baseline="central" text-anchor="start" x='338.296' y='114.522' style='font-size:8px;font-style:normal;font-weight:normal;fill-opacity:1;stroke:none;font-family:sans-serif;fill:#000000' ><tspan>&#x2219;</tspan><tspan>&#x2219;</tspan></text>                                         +
 <text dominant-baseline="central" text-anchor="start" x='355.941' y='96.8956' style='font-size:8px;font-style:normal;font-weight:normal;fill-opacity:1;stroke:none;font-family:sans-serif;fill:#000000' ><tspan>C:4</tspan><tspan>&#x2219;</tspan><tspan>&#x2219;</tspan><tspan>&#x2219;</tspan></text>+
 <text dominant-baseline="central" text-anchor="middle" x='94.9451' y='103.6' style='font-size:24px;font-style:normal;font-weight:normal;fill-opacity:1;stroke:none;font-family:sans-serif;fill:#000000' ><tspan>+</tspan></text>                                                                       +
 <path d='M 190.079,100 L 254.923,100' style='fill:none;fill-rule:evenodd;stroke:#000000;stroke-width:2px;stroke-linecap:butt;stroke-linejoin:miter;stroke-opacity:1' />                                                                                                                                +
 <path d='M 254.923,100 L 252.115,98.3789' style='fill:none;fill-rule:evenodd;stroke:#000000;stroke-width:2px;stroke-linecap:butt;stroke-linejoin:miter;stroke-opacity:1' />                                                                                                                            +
 <path d='M 254.923,100 L 252.115,101.621' style='fill:none;fill-rule:evenodd;stroke:#000000;stroke-width:2px;stroke-linecap:butt;stroke-linejoin:miter;stroke-opacity:1' />                                                                                                                            +
 </svg>                                                                                                                                                                                                                                                                                                 +
 
(1 row)

SELECT reaction_to_svg('[C:1][O:2].[C:3][C:4]>>[C:1][O:2][C:3][C:4]'::reaction, true) svg;
                                                                                                                                                  svg                                                                                                                                                  
-------------------------------------------------------------------------------------------------------------------------------------------------------------------------------------------------------------------------------------------------------------------------------------------------------
 <?xml version='1.0' encoding='iso-8859-1'?>                                                                                                                                                                                                                                                          +
 <svg version='1.1' baseProfile='full'                                                                                                                                                                                                                                                                +
               xmlns='http://www.w3.org/2000/svg'                                                                                                                                                                                                                                                     +
                       xmlns:rdkit='http://www.rdkit.org/xml'                                                                                                                                                                                                                                         +
                       xmlns:xlink='http://www.w3.org/1999/xlink'                                                                                                                                                                                                                                     +
                   xml:space='preserve'                                                                                                                                                                                                                                                               +
 width='400px' height='200px' viewBox='0 0 400 200'>                                                                                                                                                                                                                                                  +
 <!-- END OF HEADER -->                                                                                                                                                                                                                                                                               +
 <rect style='opacity:1.0;fill:#FFFFFF;stroke:none' width='400' height='200' x='0' y='0'> </rect>                                                                                                                                                                                                     +
 <path d='M 29.7826,98.9395 L 55.2349,98.9395' style='fill:none;fill-rule:evenodd;stroke:#FFFFAA;stroke-width:5px;stroke-linecap:butt;stroke-linejoin:miter;stroke-opacity:1' />                                                                                                                      +
 <path d='M 127.1,98.9395 L 152.553,98.9395' style='fill:none;fill-rule:evenodd;stroke:#FFCC99;stroke-width:5px;stroke-linecap:butt;stroke-linejoin:miter;stroke-opacity:1' />                                                                                                                        +
 <path d='M 303.036,101.256 L 326.457,91.2897' style='fill:none;fill-rule:evenodd;stroke:#FFFFAA;stroke-width:5px;stroke-linecap:butt;stroke-linejoin:miter;stroke-opacity:1' />                                                                                                                      +
 <path d='M 346.797,106.589 L 370.217,96.6233' style='fill:none;fill-rule:evenodd;stroke:#FFCC99;stroke-width:5px;stroke-linecap:butt;stroke-linejoin:miter;stroke-opacity:1' />                                                                                                                      +
 <ellipse cx='29.7826' cy='98.9395' rx='8.20296' ry='6.5991' style='fill:#FFFFAA;fill-rule:evenodd;stroke:#FFFFAA;stroke-width:2px;stroke-linecap:butt;stroke-linejoin:miter;stroke-opacity:1' />                                                                                                     +
 <ellipse cx='55.9428' cy='98.9395' rx='6.60414' ry='6.5991' style='fill:#FFFFAA;fill-rule:evenodd;stroke:#FFFFAA;stroke-width:2px;stroke-linecap:butt;stroke-linejoin:miter;stroke-opacity:1' />                                                                                                     +
 <ellipse cx='127.1' cy='98.9395' rx='8.20296' ry='6.5991' style='fill:#FFCC99;fill-rule:evenodd;stroke:#FFCC99;stroke-width:2px;stroke-linecap:butt;stroke-linejoin:miter;stroke-opacity:1' />                                                                                                       +
 <ellipse cx='154.676' cy='98.9395' rx='8.20296' ry='6.5991' style='fill:#FFCC99;fill-rule:evenodd;stroke:#FFCC99;stroke-width:2px;stroke-linecap:butt;stroke-linejoin:miter;stroke-opacity:1' />                                                                                                     +
 <ellipse cx='303.036' cy='101.256' rx='8.20296' ry='6.5991' style='fill:#FFFFAA;fill-rule:evenodd;stroke:#FFFFAA;stroke-width:2px;stroke-linecap:butt;stroke-linejoin:miter;stroke-opacity:1' />                                                                                                     +
 <ellipse cx='326.457' cy='91.2897' rx='5.60307' ry='5.99918' style='fill:#FFFFAA;fill-rule:evenodd;stroke:#FFFFAA;stroke-width:2px;stroke-linecap:butt;stroke-linejoin:miter;stroke-opacity:1' />                                                                                                    +
 <ellipse cx='346.797' cy='111.255' rx='5.19977' ry='12.5983' style='fill:#FFCC99;fill-rule:evenodd;stroke:#FFCC99;stroke-width:2px;stroke-linecap:butt;stroke-linejoin:miter;stroke-opacity:1' />                                                                                                    +
 <ellipse cx='372.341' cy='96.6233' rx='8.20296' ry='6.5991' style='fill:#FFCC99;fill-rule:evenodd;stroke:#FFCC99;stroke-width:2px;stroke-linecap:butt;stroke-linejoin:miter;stroke-opacity:1' />                                                                                                     +
 <path class='bond-0' d='M 35.5829,98.9395 L 43.4279,98.9395' style='fill:none;fill-rule:evenodd;stroke:#000000;stroke-width:2px;stroke-linecap:butt;stroke-linejoin:miter;stroke-opacity:1' />                                                                                                       +
 <path class='bond-0' d='M 43.4279,98.9395 L 51.2729,98.9395' style='fill:none;fill-rule:evenodd;stroke:#FF0000;stroke-width:2px;stroke-linecap:butt;stroke-linejoin:miter;stroke-opacity:1' />                                                                                                       +
 <path class='bond-1' d='M 132.901,98.9395 L 148.876,98.9395' style='fill:none;fill-rule:evenodd;stroke:#000000;stroke-width:2px;stroke-linecap:butt;stroke-linejoin:miter;stroke-opacity:1' />                                                                                                       +
 <path class='bond-2' d='M 308.837,98.7874 L 315.666,95.8815' style='fill:none;fill-rule:evenodd;stroke:#000000;stroke-width:2px;stroke-linecap:butt;stroke-linejoin:miter;stroke-opacity:1' />                                                                                                       +
 <path class='bond-2' d='M 315.666,95.8815 L 322.495,92.9757' style='fill:none;fill-rule:evenodd;stroke:#FF0000;stroke-width:2px;stroke-linecap:butt;stroke-linejoin:miter;stroke-opacity:1' />                                                                                                       +
 <path class='bond-3' d='M 330.418,94.2698 L 336.769,99.0467' style='fill:none;fill-rule:evenodd;stroke:#FF0000;stroke-width:2px;stroke-linecap:butt;stroke-linejoin:miter;stroke-opacity:1' />                                                                                                       +
 <path class='bond-3' d='M 336.769,99.0467 L 343.121,103.824' style='fill:none;fill-rule:evenodd;stroke:#000000;stroke-width:2px;stroke-linecap:butt;stroke-linejoin:miter;stroke-opacity:1' />                                                                                                       +
 <path class='bond-4' d='M 350.474,105.025 L 366.541,98.1879' style='fill:none;fill-rule:evenodd;stroke:#000000;stroke-width:2px;stroke-linecap:butt;stroke-linejoin:miter;stroke-opacity:1' />                                                                                                       +
 <text dominant-baseline="central" text-anchor="end" x='34.6497' y='100.339' style='font-size:8px;font-style:normal;font-weight:normal;fill-opacity:1;stroke:none;font-family:sans-serif;fill:#000000' ><tspan>C</tspan><tspan>&#x2219;</tspan><tspan>&#x2219;</tspan><tspan>&#x2219;</tspan></text>  +
 <text dominant-baseline="central" text-anchor="start" x='52.2062' y='100.339' style='font-size:8px;font-style:normal;font-weight:normal;fill-opacity:1;stroke:none;font-family:sans-serif;fill:#FF0000' ><tspan>O</tspan><tspan>&#x2219;</tspan></text>                                              +
 <text dominant-baseline="central" text-anchor="end" x='131.967' y='100.339' style='font-size:8px;font-style:normal;font-weight:normal;fill-opacity:1;stroke:none;font-family:sans-serif;fill:#000000' ><tspan>C</tspan><tspan>&#x2219;</tspan><tspan>&#x2219;</tspan><tspan>&#x2219;</tspan></text>  +
 <text dominant-baseline="central" text-anchor="start" x='149.809' y='100.339' style='font-size:8px;font-style:normal;font-weight:normal;fill-opacity:1;stroke:none;font-family:sans-serif;fill:#000000' ><tspan>C</tspan><tspan>&#x2219;</tspan><tspan>&#x2219;</tspan><tspan>&#x2219;</tspan></text>+
 <text dominant-baseline="central" text-anchor="end" x='307.903' y='102.656' style='font-size:8px;font-style:normal;font-weight:normal;fill-opacity:1;stroke:none;font-family:sans-serif;fill:#000000' ><tspan>C</tspan><tspan>&#x2219;</tspan><tspan>&#x2219;</tspan><tspan>&#x2219;</tspan></text>  +
 <text dominant-baseline="central" text-anchor="middle" x='326.457' y='92.5624' style='font-size:8px;font-style:normal;font-weight:normal;fill-opacity:1;stroke:none;font-family:sans-serif;fill:#FF0000' ><tspan>O</tspan></text>                                                                    +
 <text dominant-baseline="central" text-anchor="middle" x='346.797' y='107.862' style='font-size:8px;font-style:normal;font-weight:normal;fill-opacity:1;stroke:none;font-family:sans-serif;fill:#000000' ><tspan>C</tspan></text>                                                                    +
 <text dominant-baseline="central" text-anchor="start" x='344.757' y='116.473' style='font-size:8px;font-style:normal;font-weight:normal;fill-opacity:1;stroke:none;font-family:sans-serif;fill:#000000' ><tspan>&#x2219;</tspan><tspan>&#x2219;</tspan></text>                                       +
 <text dominant-baseline="central" text-anchor="start" x='367.474' y='98.0232' style='font-size:8px;font-style:normal;font-weight:normal;fill-opacity:1;stroke:none;font-family:sans-serif;fill:#000000' ><tspan>C</tspan><tspan>&#x2219;</tspan><tspan>&#x2219;</tspan><tspan>&#x2219;</tspan></text>+
 <text dominant-baseline="central" text-anchor="middle" x='90.0371' y='104.873' style='font-size:24px;font-style:normal;font-weight:normal;fill-opacity:1;stroke:none;font-family:sans-serif;fill:#000000' ><tspan>+</tspan></text>                                                                   +
 <path d='M 189.616,101.273 L 257.489,101.273' style='fill:none;fill-rule:evenodd;stroke:#000000;stroke-width:2px;stroke-linecap:butt;stroke-linejoin:miter;stroke-opacity:1' />                                                                                                                      +
 <path d='M 257.489,101.273 L 254.55,99.5758' style='fill:none;fill-rule:evenodd;stroke:#000000;stroke-width:2px;stroke-linecap:butt;stroke-linejoin:miter;stroke-opacity:1' />                                                                                                                       +
 <path d='M 257.489,101.273 L 254.55,102.969' style='fill:none;fill-rule:evenodd;stroke:#000000;stroke-width:2px;stroke-linecap:butt;stroke-linejoin:miter;stroke-opacity:1' />                                                                                                                       +
 </svg>                                                                                                                                                                                                                                                                                               +
 
(1 row)

SET enable_indexscan=on;
SET enable_bitmapscan=on;
SET enable_seqscan=on;
DROP INDEX rxnidx;
