The system is: Darwin - 17.7.0 - x86_64
Compiling the C compiler identification source file "CMakeCCompilerId.c" succeeded.
Compiler: /Applications/Xcode.app/Contents/Developer/Toolchains/XcodeDefault.xctoolchain/usr/bin/cc 
Build flags: 
Id flags:  

The output was:
0


Compilation of the C compiler identification source "CMakeCCompilerId.c" produced "a.out"

The C compiler identification is AppleClang, found in "/Users/tgg/Github/rdkit/CMakeFiles/3.16.2/CompilerIdC/a.out"

Compiling the CXX compiler identification source file "CMakeCXXCompilerId.cpp" succeeded.
Compiler: /Applications/Xcode.app/Contents/Developer/Toolchains/XcodeDefault.xctoolchain/usr/bin/c++ 
Build flags: 
Id flags:  

The output was:
0


Compilation of the CXX compiler identification source "CMakeCXXCompilerId.cpp" produced "a.out"

The CXX compiler identification is AppleClang, found in "/Users/tgg/Github/rdkit/CMakeFiles/3.16.2/CompilerIdCXX/a.out"

Determining if the C compiler works passed with the following output:
Change Dir: /Users/tgg/Github/rdkit/CMakeFiles/CMakeTmp

Run Build Command(s):/usr/bin/make cmTC_b5ba4/fast && /Applications/Xcode.app/Contents/Developer/usr/bin/make -f CMakeFiles/cmTC_b5ba4.dir/build.make CMakeFiles/cmTC_b5ba4.dir/build
Building C object CMakeFiles/cmTC_b5ba4.dir/testCCompiler.c.o
/Applications/Xcode.app/Contents/Developer/Toolchains/XcodeDefault.xctoolchain/usr/bin/cc    -o CMakeFiles/cmTC_b5ba4.dir/testCCompiler.c.o   -c /Users/tgg/Github/rdkit/CMakeFiles/CMakeTmp/testCCompiler.c
Linking C executable cmTC_b5ba4
/usr/local/Cellar/cmake/3.16.2/bin/cmake -E cmake_link_script CMakeFiles/cmTC_b5ba4.dir/link.txt --verbose=1
/Applications/Xcode.app/Contents/Developer/Toolchains/XcodeDefault.xctoolchain/usr/bin/cc   -Wl,-search_paths_first -Wl,-headerpad_max_install_names   CMakeFiles/cmTC_b5ba4.dir/testCCompiler.c.o  -o cmTC_b5ba4 



Detecting C compiler ABI info compiled with the following output:
Change Dir: /Users/tgg/Github/rdkit/CMakeFiles/CMakeTmp

Run Build Command(s):/usr/bin/make cmTC_b24f1/fast && /Applications/Xcode.app/Contents/Developer/usr/bin/make -f CMakeFiles/cmTC_b24f1.dir/build.make CMakeFiles/cmTC_b24f1.dir/build
Building C object CMakeFiles/cmTC_b24f1.dir/CMakeCCompilerABI.c.o
/Applications/Xcode.app/Contents/Developer/Toolchains/XcodeDefault.xctoolchain/usr/bin/cc   -v -Wl,-v -o CMakeFiles/cmTC_b24f1.dir/CMakeCCompilerABI.c.o   -c /usr/local/Cellar/cmake/3.16.2/share/cmake/Modules/CMakeCCompilerABI.c
Apple LLVM version 10.0.0 (clang-1000.11.45.5)
Target: x86_64-apple-darwin17.7.0
Thread model: posix
InstalledDir: /Applications/Xcode.app/Contents/Developer/Toolchains/XcodeDefault.xctoolchain/usr/bin
Found CUDA installation: /usr/local/cuda, version 8.0
clang: warning: -Wl,-v: 'linker' input unused [-Wunused-command-line-argument]
 "/Applications/Xcode.app/Contents/Developer/Toolchains/XcodeDefault.xctoolchain/usr/bin/clang" -cc1 -triple x86_64-apple-macosx10.13.0 -Wdeprecated-objc-isa-usage -Werror=deprecated-objc-isa-usage -emit-obj -mrelax-all -disable-free -disable-llvm-verifier -discard-value-names -main-file-name CMakeCCompilerABI.c -mrelocation-model pic -pic-level 2 -mthread-model posix -mdisable-fp-elim -fno-strict-return -masm-verbose -munwind-tables -target-cpu penryn -dwarf-column-info -debugger-tuning=lldb -target-linker-version 409.12 -v -coverage-notes-file /Users/tgg/Github/rdkit/CMakeFiles/CMakeTmp/CMakeFiles/cmTC_b24f1.dir/CMakeCCompilerABI.c.gcno -resource-dir /Applications/Xcode.app/Contents/Developer/Toolchains/XcodeDefault.xctoolchain/usr/lib/clang/10.0.0 -I/opt/intel/compilers_and_libraries_2017.5.220/mac/mkl/include -I/opt/intel/compilers_and_libraries_2017.5.220/mac/ipp/include -I/opt/intel/compilers_and_libraries_2017.5.220/mac/mkl/include -I/opt/intel/compilers_and_libraries_2017.5.220/mac/tbb/include -I/opt/intel/compilers_and_libraries_2017.5.220/mac/daal/include -fdebug-compilation-dir /Users/tgg/Github/rdkit/CMakeFiles/CMakeTmp -ferror-limit 19 -fmessage-length 0 -stack-protector 1 -fblocks -fencode-extended-block-signature -fobjc-runtime=macosx-10.13.0 -fmax-type-align=16 -fdiagnostics-show-option -o CMakeFiles/cmTC_b24f1.dir/CMakeCCompilerABI.c.o -x c /usr/local/Cellar/cmake/3.16.2/share/cmake/Modules/CMakeCCompilerABI.c
clang -cc1 version 10.0.0 (clang-1000.11.45.5) default target x86_64-apple-darwin17.7.0
ignoring duplicate directory "/opt/intel/compilers_and_libraries_2017.5.220/mac/mkl/include"
#include "..." search starts here:
#include <...> search starts here:
 /opt/intel/compilers_and_libraries_2017.5.220/mac/mkl/include
 /opt/intel/compilers_and_libraries_2017.5.220/mac/ipp/include
 /opt/intel/compilers_and_libraries_2017.5.220/mac/tbb/include
 /opt/intel/compilers_and_libraries_2017.5.220/mac/daal/include
 /usr/local/include
 /Applications/Xcode.app/Contents/Developer/Toolchains/XcodeDefault.xctoolchain/usr/lib/clang/10.0.0/include
 /Applications/Xcode.app/Contents/Developer/Toolchains/XcodeDefault.xctoolchain/usr/include
 /usr/include
 /System/Library/Frameworks (framework directory)
 /Library/Frameworks (framework directory)
End of search list.
Linking C executable cmTC_b24f1
/usr/local/Cellar/cmake/3.16.2/bin/cmake -E cmake_link_script CMakeFiles/cmTC_b24f1.dir/link.txt --verbose=1
/Applications/Xcode.app/Contents/Developer/Toolchains/XcodeDefault.xctoolchain/usr/bin/cc   -Wl,-search_paths_first -Wl,-headerpad_max_install_names  -v -Wl,-v CMakeFiles/cmTC_b24f1.dir/CMakeCCompilerABI.c.o  -o cmTC_b24f1 
Apple LLVM version 10.0.0 (clang-1000.11.45.5)
Target: x86_64-apple-darwin17.7.0
Thread model: posix
InstalledDir: /Applications/Xcode.app/Contents/Developer/Toolchains/XcodeDefault.xctoolchain/usr/bin
Found CUDA installation: /usr/local/cuda, version 8.0
 "/Applications/Xcode.app/Contents/Developer/Toolchains/XcodeDefault.xctoolchain/usr/bin/ld" -demangle -lto_library /Applications/Xcode.app/Contents/Developer/Toolchains/XcodeDefault.xctoolchain/usr/lib/libLTO.dylib -dynamic -arch x86_64 -macosx_version_min 10.13.0 -o cmTC_b24f1 -search_paths_first -headerpad_max_install_names -v CMakeFiles/cmTC_b24f1.dir/CMakeCCompilerABI.c.o -L/opt/intel/compilers_and_libraries_2017.5.220/mac/compiler/lib -L/opt/intel/compilers_and_libraries_2017.5.220/mac/mkl/lib -L/opt/intel/compilers_and_libraries_2017.5.220/mac/ipp/lib -L/opt/intel/compilers_and_libraries_2017.5.220/mac/compiler/lib -L/opt/intel/compilers_and_libraries_2017.5.220/mac/mkl/lib -L/opt/intel/compilers_and_libraries_2017.5.220/mac/tbb/lib -L/opt/intel/compilers_and_libraries_2017.5.220/mac/daal/lib -L/opt/intel/compilers_and_libraries_2017.5.220/mac/daal/../tbb/lib -lSystem /Applications/Xcode.app/Contents/Developer/Toolchains/XcodeDefault.xctoolchain/usr/lib/clang/10.0.0/lib/darwin/libclang_rt.osx.a
@(#)PROGRAM:ld  PROJECT:ld64-409.12
BUILD 17:47:51 Sep 25 2018
configured to support archs: armv6 armv7 armv7s arm64 i386 x86_64 x86_64h armv6m armv7k armv7m armv7em arm64e arm64_32
Library search paths:
	/opt/intel/compilers_and_libraries_2017.5.220/mac/compiler/lib
	/opt/intel/compilers_and_libraries_2017.5.220/mac/mkl/lib
	/opt/intel/compilers_and_libraries_2017.5.220/mac/ipp/lib
	/opt/intel/compilers_and_libraries_2017.5.220/mac/compiler/lib
	/opt/intel/compilers_and_libraries_2017.5.220/mac/mkl/lib
	/opt/intel/compilers_and_libraries_2017.5.220/mac/tbb/lib
	/opt/intel/compilers_and_libraries_2017.5.220/mac/daal/lib
	/opt/intel/compilers_and_libraries_2017.5.220/mac/tbb/lib
	/usr/lib
	/usr/local/lib
Framework search paths:
	/Library/Frameworks/
	/System/Library/Frameworks/



Parsed C implicit include dir info from above output: rv=done
  found start of include info
  found start of implicit include info
    add: [/opt/intel/compilers_and_libraries_2017.5.220/mac/mkl/include]
    add: [/opt/intel/compilers_and_libraries_2017.5.220/mac/ipp/include]
    add: [/opt/intel/compilers_and_libraries_2017.5.220/mac/tbb/include]
    add: [/opt/intel/compilers_and_libraries_2017.5.220/mac/daal/include]
    add: [/usr/local/include]
    add: [/Applications/Xcode.app/Contents/Developer/Toolchains/XcodeDefault.xctoolchain/usr/lib/clang/10.0.0/include]
    add: [/Applications/Xcode.app/Contents/Developer/Toolchains/XcodeDefault.xctoolchain/usr/include]
    add: [/usr/include]
  end of search list found
  collapse include dir [/opt/intel/compilers_and_libraries_2017.5.220/mac/mkl/include] ==> [/opt/intel/compilers_and_libraries_2017.5.220/mac/mkl/include]
  collapse include dir [/opt/intel/compilers_and_libraries_2017.5.220/mac/ipp/include] ==> [/opt/intel/compilers_and_libraries_2017.5.220/mac/ipp/include]
  collapse include dir [/opt/intel/compilers_and_libraries_2017.5.220/mac/tbb/include] ==> [/opt/intel/compilers_and_libraries_2017.5.220/mac/tbb/include]
  collapse include dir [/opt/intel/compilers_and_libraries_2017.5.220/mac/daal/include] ==> [/opt/intel/compilers_and_libraries_2017.5.220/mac/daal/include]
  collapse include dir [/usr/local/include] ==> [/usr/local/include]
  collapse include dir [/Applications/Xcode.app/Contents/Developer/Toolchains/XcodeDefault.xctoolchain/usr/lib/clang/10.0.0/include] ==> [/Applications/Xcode.app/Contents/Developer/Toolchains/XcodeDefault.xctoolchain/usr/lib/clang/10.0.0/include]
  collapse include dir [/Applications/Xcode.app/Contents/Developer/Toolchains/XcodeDefault.xctoolchain/usr/include] ==> [/Applications/Xcode.app/Contents/Developer/Toolchains/XcodeDefault.xctoolchain/usr/include]
  collapse include dir [/usr/include] ==> [/usr/include]
  implicit include dirs: [/opt/intel/compilers_and_libraries_2017.5.220/mac/mkl/include;/opt/intel/compilers_and_libraries_2017.5.220/mac/ipp/include;/opt/intel/compilers_and_libraries_2017.5.220/mac/tbb/include;/opt/intel/compilers_and_libraries_2017.5.220/mac/daal/include;/usr/local/include;/Applications/Xcode.app/Contents/Developer/Toolchains/XcodeDefault.xctoolchain/usr/lib/clang/10.0.0/include;/Applications/Xcode.app/Contents/Developer/Toolchains/XcodeDefault.xctoolchain/usr/include;/usr/include]


Parsed C implicit link information from above output:
  link line regex: [^( *|.*[/\])(ld|CMAKE_LINK_STARTFILE-NOTFOUND|([^/\]+-)?ld|collect2)[^/\]*( |$)]
  ignore line: [Change Dir: /Users/tgg/Github/rdkit/CMakeFiles/CMakeTmp]
  ignore line: []
  ignore line: [Run Build Command(s):/usr/bin/make cmTC_b24f1/fast && /Applications/Xcode.app/Contents/Developer/usr/bin/make -f CMakeFiles/cmTC_b24f1.dir/build.make CMakeFiles/cmTC_b24f1.dir/build]
  ignore line: [Building C object CMakeFiles/cmTC_b24f1.dir/CMakeCCompilerABI.c.o]
  ignore line: [/Applications/Xcode.app/Contents/Developer/Toolchains/XcodeDefault.xctoolchain/usr/bin/cc   -v -Wl -v -o CMakeFiles/cmTC_b24f1.dir/CMakeCCompilerABI.c.o   -c /usr/local/Cellar/cmake/3.16.2/share/cmake/Modules/CMakeCCompilerABI.c]
  ignore line: [Apple LLVM version 10.0.0 (clang-1000.11.45.5)]
  ignore line: [Target: x86_64-apple-darwin17.7.0]
  ignore line: [Thread model: posix]
  ignore line: [InstalledDir: /Applications/Xcode.app/Contents/Developer/Toolchains/XcodeDefault.xctoolchain/usr/bin]
  ignore line: [Found CUDA installation: /usr/local/cuda  version 8.0]
  ignore line: [clang: warning: -Wl -v: 'linker' input unused [-Wunused-command-line-argument]]
  ignore line: [ "/Applications/Xcode.app/Contents/Developer/Toolchains/XcodeDefault.xctoolchain/usr/bin/clang" -cc1 -triple x86_64-apple-macosx10.13.0 -Wdeprecated-objc-isa-usage -Werror=deprecated-objc-isa-usage -emit-obj -mrelax-all -disable-free -disable-llvm-verifier -discard-value-names -main-file-name CMakeCCompilerABI.c -mrelocation-model pic -pic-level 2 -mthread-model posix -mdisable-fp-elim -fno-strict-return -masm-verbose -munwind-tables -target-cpu penryn -dwarf-column-info -debugger-tuning=lldb -target-linker-version 409.12 -v -coverage-notes-file /Users/tgg/Github/rdkit/CMakeFiles/CMakeTmp/CMakeFiles/cmTC_b24f1.dir/CMakeCCompilerABI.c.gcno -resource-dir /Applications/Xcode.app/Contents/Developer/Toolchains/XcodeDefault.xctoolchain/usr/lib/clang/10.0.0 -I/opt/intel/compilers_and_libraries_2017.5.220/mac/mkl/include -I/opt/intel/compilers_and_libraries_2017.5.220/mac/ipp/include -I/opt/intel/compilers_and_libraries_2017.5.220/mac/mkl/include -I/opt/intel/compilers_and_libraries_2017.5.220/mac/tbb/include -I/opt/intel/compilers_and_libraries_2017.5.220/mac/daal/include -fdebug-compilation-dir /Users/tgg/Github/rdkit/CMakeFiles/CMakeTmp -ferror-limit 19 -fmessage-length 0 -stack-protector 1 -fblocks -fencode-extended-block-signature -fobjc-runtime=macosx-10.13.0 -fmax-type-align=16 -fdiagnostics-show-option -o CMakeFiles/cmTC_b24f1.dir/CMakeCCompilerABI.c.o -x c /usr/local/Cellar/cmake/3.16.2/share/cmake/Modules/CMakeCCompilerABI.c]
  ignore line: [clang -cc1 version 10.0.0 (clang-1000.11.45.5) default target x86_64-apple-darwin17.7.0]
  ignore line: [ignoring duplicate directory "/opt/intel/compilers_and_libraries_2017.5.220/mac/mkl/include"]
  ignore line: [#include "..." search starts here:]
  ignore line: [#include <...> search starts here:]
  ignore line: [ /opt/intel/compilers_and_libraries_2017.5.220/mac/mkl/include]
  ignore line: [ /opt/intel/compilers_and_libraries_2017.5.220/mac/ipp/include]
  ignore line: [ /opt/intel/compilers_and_libraries_2017.5.220/mac/tbb/include]
  ignore line: [ /opt/intel/compilers_and_libraries_2017.5.220/mac/daal/include]
  ignore line: [ /usr/local/include]
  ignore line: [ /Applications/Xcode.app/Contents/Developer/Toolchains/XcodeDefault.xctoolchain/usr/lib/clang/10.0.0/include]
  ignore line: [ /Applications/Xcode.app/Contents/Developer/Toolchains/XcodeDefault.xctoolchain/usr/include]
  ignore line: [ /usr/include]
  ignore line: [ /System/Library/Frameworks (framework directory)]
  ignore line: [ /Library/Frameworks (framework directory)]
  ignore line: [End of search list.]
  ignore line: [Linking C executable cmTC_b24f1]
  ignore line: [/usr/local/Cellar/cmake/3.16.2/bin/cmake -E cmake_link_script CMakeFiles/cmTC_b24f1.dir/link.txt --verbose=1]
  ignore line: [/Applications/Xcode.app/Contents/Developer/Toolchains/XcodeDefault.xctoolchain/usr/bin/cc   -Wl -search_paths_first -Wl -headerpad_max_install_names  -v -Wl -v CMakeFiles/cmTC_b24f1.dir/CMakeCCompilerABI.c.o  -o cmTC_b24f1 ]
  ignore line: [Apple LLVM version 10.0.0 (clang-1000.11.45.5)]
  ignore line: [Target: x86_64-apple-darwin17.7.0]
  ignore line: [Thread model: posix]
  ignore line: [InstalledDir: /Applications/Xcode.app/Contents/Developer/Toolchains/XcodeDefault.xctoolchain/usr/bin]
  ignore line: [Found CUDA installation: /usr/local/cuda  version 8.0]
  link line: [ "/Applications/Xcode.app/Contents/Developer/Toolchains/XcodeDefault.xctoolchain/usr/bin/ld" -demangle -lto_library /Applications/Xcode.app/Contents/Developer/Toolchains/XcodeDefault.xctoolchain/usr/lib/libLTO.dylib -dynamic -arch x86_64 -macosx_version_min 10.13.0 -o cmTC_b24f1 -search_paths_first -headerpad_max_install_names -v CMakeFiles/cmTC_b24f1.dir/CMakeCCompilerABI.c.o -L/opt/intel/compilers_and_libraries_2017.5.220/mac/compiler/lib -L/opt/intel/compilers_and_libraries_2017.5.220/mac/mkl/lib -L/opt/intel/compilers_and_libraries_2017.5.220/mac/ipp/lib -L/opt/intel/compilers_and_libraries_2017.5.220/mac/compiler/lib -L/opt/intel/compilers_and_libraries_2017.5.220/mac/mkl/lib -L/opt/intel/compilers_and_libraries_2017.5.220/mac/tbb/lib -L/opt/intel/compilers_and_libraries_2017.5.220/mac/daal/lib -L/opt/intel/compilers_and_libraries_2017.5.220/mac/daal/../tbb/lib -lSystem /Applications/Xcode.app/Contents/Developer/Toolchains/XcodeDefault.xctoolchain/usr/lib/clang/10.0.0/lib/darwin/libclang_rt.osx.a]
    arg [/Applications/Xcode.app/Contents/Developer/Toolchains/XcodeDefault.xctoolchain/usr/bin/ld] ==> ignore
    arg [-demangle] ==> ignore
    arg [-lto_library] ==> ignore, skip following value
    arg [/Applications/Xcode.app/Contents/Developer/Toolchains/XcodeDefault.xctoolchain/usr/lib/libLTO.dylib] ==> skip value of -lto_library
    arg [-dynamic] ==> ignore
    arg [-arch] ==> ignore
    arg [x86_64] ==> ignore
    arg [-macosx_version_min] ==> ignore
    arg [10.13.0] ==> ignore
    arg [-o] ==> ignore
    arg [cmTC_b24f1] ==> ignore
    arg [-search_paths_first] ==> ignore
    arg [-headerpad_max_install_names] ==> ignore
    arg [-v] ==> ignore
    arg [CMakeFiles/cmTC_b24f1.dir/CMakeCCompilerABI.c.o] ==> ignore
    arg [-L/opt/intel/compilers_and_libraries_2017.5.220/mac/compiler/lib] ==> dir [/opt/intel/compilers_and_libraries_2017.5.220/mac/compiler/lib]
    arg [-L/opt/intel/compilers_and_libraries_2017.5.220/mac/mkl/lib] ==> dir [/opt/intel/compilers_and_libraries_2017.5.220/mac/mkl/lib]
    arg [-L/opt/intel/compilers_and_libraries_2017.5.220/mac/ipp/lib] ==> dir [/opt/intel/compilers_and_libraries_2017.5.220/mac/ipp/lib]
    arg [-L/opt/intel/compilers_and_libraries_2017.5.220/mac/compiler/lib] ==> dir [/opt/intel/compilers_and_libraries_2017.5.220/mac/compiler/lib]
    arg [-L/opt/intel/compilers_and_libraries_2017.5.220/mac/mkl/lib] ==> dir [/opt/intel/compilers_and_libraries_2017.5.220/mac/mkl/lib]
    arg [-L/opt/intel/compilers_and_libraries_2017.5.220/mac/tbb/lib] ==> dir [/opt/intel/compilers_and_libraries_2017.5.220/mac/tbb/lib]
    arg [-L/opt/intel/compilers_and_libraries_2017.5.220/mac/daal/lib] ==> dir [/opt/intel/compilers_and_libraries_2017.5.220/mac/daal/lib]
    arg [-L/opt/intel/compilers_and_libraries_2017.5.220/mac/daal/../tbb/lib] ==> dir [/opt/intel/compilers_and_libraries_2017.5.220/mac/daal/../tbb/lib]
    arg [-lSystem] ==> lib [System]
    arg [/Applications/Xcode.app/Contents/Developer/Toolchains/XcodeDefault.xctoolchain/usr/lib/clang/10.0.0/lib/darwin/libclang_rt.osx.a] ==> lib [/Applications/Xcode.app/Contents/Developer/Toolchains/XcodeDefault.xctoolchain/usr/lib/clang/10.0.0/lib/darwin/libclang_rt.osx.a]
  Library search paths: [;/opt/intel/compilers_and_libraries_2017.5.220/mac/compiler/lib;/opt/intel/compilers_and_libraries_2017.5.220/mac/mkl/lib;/opt/intel/compilers_and_libraries_2017.5.220/mac/ipp/lib;/opt/intel/compilers_and_libraries_2017.5.220/mac/compiler/lib;/opt/intel/compilers_and_libraries_2017.5.220/mac/mkl/lib;/opt/intel/compilers_and_libraries_2017.5.220/mac/tbb/lib;/opt/intel/compilers_and_libraries_2017.5.220/mac/daal/lib;/opt/intel/compilers_and_libraries_2017.5.220/mac/tbb/lib;/usr/lib;/usr/local/lib]
  Framework search paths: [;/Library/Frameworks/;/System/Library/Frameworks/]
  remove lib [System]
  remove lib [/Applications/Xcode.app/Contents/Developer/Toolchains/XcodeDefault.xctoolchain/usr/lib/clang/10.0.0/lib/darwin/libclang_rt.osx.a]
  collapse library dir [/opt/intel/compilers_and_libraries_2017.5.220/mac/compiler/lib] ==> [/opt/intel/compilers_and_libraries_2017.5.220/mac/compiler/lib]
  collapse library dir [/opt/intel/compilers_and_libraries_2017.5.220/mac/mkl/lib] ==> [/opt/intel/compilers_and_libraries_2017.5.220/mac/mkl/lib]
  collapse library dir [/opt/intel/compilers_and_libraries_2017.5.220/mac/ipp/lib] ==> [/opt/intel/compilers_and_libraries_2017.5.220/mac/ipp/lib]
  collapse library dir [/opt/intel/compilers_and_libraries_2017.5.220/mac/compiler/lib] ==> [/opt/intel/compilers_and_libraries_2017.5.220/mac/compiler/lib]
  collapse library dir [/opt/intel/compilers_and_libraries_2017.5.220/mac/mkl/lib] ==> [/opt/intel/compilers_and_libraries_2017.5.220/mac/mkl/lib]
  collapse library dir [/opt/intel/compilers_and_libraries_2017.5.220/mac/tbb/lib] ==> [/opt/intel/compilers_and_libraries_2017.5.220/mac/tbb/lib]
  collapse library dir [/opt/intel/compilers_and_libraries_2017.5.220/mac/daal/lib] ==> [/opt/intel/compilers_and_libraries_2017.5.220/mac/daal/lib]
  collapse library dir [/opt/intel/compilers_and_libraries_2017.5.220/mac/daal/../tbb/lib] ==> [/opt/intel/compilers_and_libraries_2017.5.220/mac/tbb/lib]
  collapse library dir [/opt/intel/compilers_and_libraries_2017.5.220/mac/compiler/lib] ==> [/opt/intel/compilers_and_libraries_2017.5.220/mac/compiler/lib]
  collapse library dir [/opt/intel/compilers_and_libraries_2017.5.220/mac/mkl/lib] ==> [/opt/intel/compilers_and_libraries_2017.5.220/mac/mkl/lib]
  collapse library dir [/opt/intel/compilers_and_libraries_2017.5.220/mac/ipp/lib] ==> [/opt/intel/compilers_and_libraries_2017.5.220/mac/ipp/lib]
  collapse library dir [/opt/intel/compilers_and_libraries_2017.5.220/mac/compiler/lib] ==> [/opt/intel/compilers_and_libraries_2017.5.220/mac/compiler/lib]
  collapse library dir [/opt/intel/compilers_and_libraries_2017.5.220/mac/mkl/lib] ==> [/opt/intel/compilers_and_libraries_2017.5.220/mac/mkl/lib]
  collapse library dir [/opt/intel/compilers_and_libraries_2017.5.220/mac/tbb/lib] ==> [/opt/intel/compilers_and_libraries_2017.5.220/mac/tbb/lib]
  collapse library dir [/opt/intel/compilers_and_libraries_2017.5.220/mac/daal/lib] ==> [/opt/intel/compilers_and_libraries_2017.5.220/mac/daal/lib]
  collapse library dir [/opt/intel/compilers_and_libraries_2017.5.220/mac/tbb/lib] ==> [/opt/intel/compilers_and_libraries_2017.5.220/mac/tbb/lib]
  collapse library dir [/usr/lib] ==> [/usr/lib]
  collapse library dir [/usr/local/lib] ==> [/usr/local/lib]
  collapse framework dir [/Library/Frameworks/] ==> [/Library/Frameworks]
  collapse framework dir [/System/Library/Frameworks/] ==> [/System/Library/Frameworks]
  implicit libs: []
  implicit dirs: [/opt/intel/compilers_and_libraries_2017.5.220/mac/compiler/lib;/opt/intel/compilers_and_libraries_2017.5.220/mac/mkl/lib;/opt/intel/compilers_and_libraries_2017.5.220/mac/ipp/lib;/opt/intel/compilers_and_libraries_2017.5.220/mac/tbb/lib;/opt/intel/compilers_and_libraries_2017.5.220/mac/daal/lib;/usr/lib;/usr/local/lib]
  implicit fwks: [/Library/Frameworks;/System/Library/Frameworks]


Determining if the CXX compiler works passed with the following output:
Change Dir: /Users/tgg/Github/rdkit/CMakeFiles/CMakeTmp

Run Build Command(s):/usr/bin/make cmTC_fb62f/fast && /Applications/Xcode.app/Contents/Developer/usr/bin/make -f CMakeFiles/cmTC_fb62f.dir/build.make CMakeFiles/cmTC_fb62f.dir/build
Building CXX object CMakeFiles/cmTC_fb62f.dir/testCXXCompiler.cxx.o
/Applications/Xcode.app/Contents/Developer/Toolchains/XcodeDefault.xctoolchain/usr/bin/c++     -o CMakeFiles/cmTC_fb62f.dir/testCXXCompiler.cxx.o -c /Users/tgg/Github/rdkit/CMakeFiles/CMakeTmp/testCXXCompiler.cxx
Linking CXX executable cmTC_fb62f
/usr/local/Cellar/cmake/3.16.2/bin/cmake -E cmake_link_script CMakeFiles/cmTC_fb62f.dir/link.txt --verbose=1
/Applications/Xcode.app/Contents/Developer/Toolchains/XcodeDefault.xctoolchain/usr/bin/c++    -Wl,-search_paths_first -Wl,-headerpad_max_install_names   CMakeFiles/cmTC_fb62f.dir/testCXXCompiler.cxx.o  -o cmTC_fb62f 



Detecting CXX compiler ABI info compiled with the following output:
Change Dir: /Users/tgg/Github/rdkit/CMakeFiles/CMakeTmp

Run Build Command(s):/usr/bin/make cmTC_302b3/fast && /Applications/Xcode.app/Contents/Developer/usr/bin/make -f CMakeFiles/cmTC_302b3.dir/build.make CMakeFiles/cmTC_302b3.dir/build
Building CXX object CMakeFiles/cmTC_302b3.dir/CMakeCXXCompilerABI.cpp.o
/Applications/Xcode.app/Contents/Developer/Toolchains/XcodeDefault.xctoolchain/usr/bin/c++    -v -Wl,-v -o CMakeFiles/cmTC_302b3.dir/CMakeCXXCompilerABI.cpp.o -c /usr/local/Cellar/cmake/3.16.2/share/cmake/Modules/CMakeCXXCompilerABI.cpp
Apple LLVM version 10.0.0 (clang-1000.11.45.5)
Target: x86_64-apple-darwin17.7.0
Thread model: posix
InstalledDir: /Applications/Xcode.app/Contents/Developer/Toolchains/XcodeDefault.xctoolchain/usr/bin
Found CUDA installation: /usr/local/cuda, version 8.0
clang: warning: -Wl,-v: 'linker' input unused [-Wunused-command-line-argument]
 "/Applications/Xcode.app/Contents/Developer/Toolchains/XcodeDefault.xctoolchain/usr/bin/clang" -cc1 -triple x86_64-apple-macosx10.13.0 -Wdeprecated-objc-isa-usage -Werror=deprecated-objc-isa-usage -emit-obj -mrelax-all -disable-free -disable-llvm-verifier -discard-value-names -main-file-name CMakeCXXCompilerABI.cpp -mrelocation-model pic -pic-level 2 -mthread-model posix -mdisable-fp-elim -fno-strict-return -masm-verbose -munwind-tables -target-cpu penryn -dwarf-column-info -debugger-tuning=lldb -target-linker-version 409.12 -v -coverage-notes-file /Users/tgg/Github/rdkit/CMakeFiles/CMakeTmp/CMakeFiles/cmTC_302b3.dir/CMakeCXXCompilerABI.cpp.gcno -resource-dir /Applications/Xcode.app/Contents/Developer/Toolchains/XcodeDefault.xctoolchain/usr/lib/clang/10.0.0 -I/opt/intel/compilers_and_libraries_2017.5.220/mac/mkl/include -I/opt/intel/compilers_and_libraries_2017.5.220/mac/ipp/include -I/opt/intel/compilers_and_libraries_2017.5.220/mac/mkl/include -I/opt/intel/compilers_and_libraries_2017.5.220/mac/tbb/include -I/opt/intel/compilers_and_libraries_2017.5.220/mac/daal/include -stdlib=libc++ -fdeprecated-macro -fdebug-compilation-dir /Users/tgg/Github/rdkit/CMakeFiles/CMakeTmp -ferror-limit 19 -fmessage-length 0 -stack-protector 1 -fblocks -fencode-extended-block-signature -fobjc-runtime=macosx-10.13.0 -fcxx-exceptions -fexceptions -fmax-type-align=16 -fdiagnostics-show-option -o CMakeFiles/cmTC_302b3.dir/CMakeCXXCompilerABI.cpp.o -x c++ /usr/local/Cellar/cmake/3.16.2/share/cmake/Modules/CMakeCXXCompilerABI.cpp
clang -cc1 version 10.0.0 (clang-1000.11.45.5) default target x86_64-apple-darwin17.7.0
ignoring nonexistent directory "/usr/include/c++/v1"
ignoring duplicate directory "/opt/intel/compilers_and_libraries_2017.5.220/mac/mkl/include"
#include "..." search starts here:
#include <...> search starts here:
 /opt/intel/compilers_and_libraries_2017.5.220/mac/mkl/include
 /opt/intel/compilers_and_libraries_2017.5.220/mac/ipp/include
 /opt/intel/compilers_and_libraries_2017.5.220/mac/tbb/include
 /opt/intel/compilers_and_libraries_2017.5.220/mac/daal/include
 /Applications/Xcode.app/Contents/Developer/Toolchains/XcodeDefault.xctoolchain/usr/include/c++/v1
 /usr/local/include
 /Applications/Xcode.app/Contents/Developer/Toolchains/XcodeDefault.xctoolchain/usr/lib/clang/10.0.0/include
 /Applications/Xcode.app/Contents/Developer/Toolchains/XcodeDefault.xctoolchain/usr/include
 /usr/include
 /System/Library/Frameworks (framework directory)
 /Library/Frameworks (framework directory)
End of search list.
Linking CXX executable cmTC_302b3
/usr/local/Cellar/cmake/3.16.2/bin/cmake -E cmake_link_script CMakeFiles/cmTC_302b3.dir/link.txt --verbose=1
/Applications/Xcode.app/Contents/Developer/Toolchains/XcodeDefault.xctoolchain/usr/bin/c++    -Wl,-search_paths_first -Wl,-headerpad_max_install_names  -v -Wl,-v CMakeFiles/cmTC_302b3.dir/CMakeCXXCompilerABI.cpp.o  -o cmTC_302b3 
Apple LLVM version 10.0.0 (clang-1000.11.45.5)
Target: x86_64-apple-darwin17.7.0
Thread model: posix
InstalledDir: /Applications/Xcode.app/Contents/Developer/Toolchains/XcodeDefault.xctoolchain/usr/bin
Found CUDA installation: /usr/local/cuda, version 8.0
 "/Applications/Xcode.app/Contents/Developer/Toolchains/XcodeDefault.xctoolchain/usr/bin/ld" -demangle -lto_library /Applications/Xcode.app/Contents/Developer/Toolchains/XcodeDefault.xctoolchain/usr/lib/libLTO.dylib -dynamic -arch x86_64 -macosx_version_min 10.13.0 -o cmTC_302b3 -search_paths_first -headerpad_max_install_names -v CMakeFiles/cmTC_302b3.dir/CMakeCXXCompilerABI.cpp.o -L/opt/intel/compilers_and_libraries_2017.5.220/mac/compiler/lib -L/opt/intel/compilers_and_libraries_2017.5.220/mac/mkl/lib -L/opt/intel/compilers_and_libraries_2017.5.220/mac/ipp/lib -L/opt/intel/compilers_and_libraries_2017.5.220/mac/compiler/lib -L/opt/intel/compilers_and_libraries_2017.5.220/mac/mkl/lib -L/opt/intel/compilers_and_libraries_2017.5.220/mac/tbb/lib -L/opt/intel/compilers_and_libraries_2017.5.220/mac/daal/lib -L/opt/intel/compilers_and_libraries_2017.5.220/mac/daal/../tbb/lib -lc++ -lSystem /Applications/Xcode.app/Contents/Developer/Toolchains/XcodeDefault.xctoolchain/usr/lib/clang/10.0.0/lib/darwin/libclang_rt.osx.a
@(#)PROGRAM:ld  PROJECT:ld64-409.12
BUILD 17:47:51 Sep 25 2018
configured to support archs: armv6 armv7 armv7s arm64 i386 x86_64 x86_64h armv6m armv7k armv7m armv7em arm64e arm64_32
Library search paths:
	/opt/intel/compilers_and_libraries_2017.5.220/mac/compiler/lib
	/opt/intel/compilers_and_libraries_2017.5.220/mac/mkl/lib
	/opt/intel/compilers_and_libraries_2017.5.220/mac/ipp/lib
	/opt/intel/compilers_and_libraries_2017.5.220/mac/compiler/lib
	/opt/intel/compilers_and_libraries_2017.5.220/mac/mkl/lib
	/opt/intel/compilers_and_libraries_2017.5.220/mac/tbb/lib
	/opt/intel/compilers_and_libraries_2017.5.220/mac/daal/lib
	/opt/intel/compilers_and_libraries_2017.5.220/mac/tbb/lib
	/usr/lib
	/usr/local/lib
Framework search paths:
	/Library/Frameworks/
	/System/Library/Frameworks/



Parsed CXX implicit include dir info from above output: rv=done
  found start of include info
  found start of implicit include info
    add: [/opt/intel/compilers_and_libraries_2017.5.220/mac/mkl/include]
    add: [/opt/intel/compilers_and_libraries_2017.5.220/mac/ipp/include]
    add: [/opt/intel/compilers_and_libraries_2017.5.220/mac/tbb/include]
    add: [/opt/intel/compilers_and_libraries_2017.5.220/mac/daal/include]
    add: [/Applications/Xcode.app/Contents/Developer/Toolchains/XcodeDefault.xctoolchain/usr/include/c++/v1]
    add: [/usr/local/include]
    add: [/Applications/Xcode.app/Contents/Developer/Toolchains/XcodeDefault.xctoolchain/usr/lib/clang/10.0.0/include]
    add: [/Applications/Xcode.app/Contents/Developer/Toolchains/XcodeDefault.xctoolchain/usr/include]
    add: [/usr/include]
  end of search list found
  collapse include dir [/opt/intel/compilers_and_libraries_2017.5.220/mac/mkl/include] ==> [/opt/intel/compilers_and_libraries_2017.5.220/mac/mkl/include]
  collapse include dir [/opt/intel/compilers_and_libraries_2017.5.220/mac/ipp/include] ==> [/opt/intel/compilers_and_libraries_2017.5.220/mac/ipp/include]
  collapse include dir [/opt/intel/compilers_and_libraries_2017.5.220/mac/tbb/include] ==> [/opt/intel/compilers_and_libraries_2017.5.220/mac/tbb/include]
  collapse include dir [/opt/intel/compilers_and_libraries_2017.5.220/mac/daal/include] ==> [/opt/intel/compilers_and_libraries_2017.5.220/mac/daal/include]
  collapse include dir [/Applications/Xcode.app/Contents/Developer/Toolchains/XcodeDefault.xctoolchain/usr/include/c++/v1] ==> [/Applications/Xcode.app/Contents/Developer/Toolchains/XcodeDefault.xctoolchain/usr/include/c++/v1]
  collapse include dir [/usr/local/include] ==> [/usr/local/include]
  collapse include dir [/Applications/Xcode.app/Contents/Developer/Toolchains/XcodeDefault.xctoolchain/usr/lib/clang/10.0.0/include] ==> [/Applications/Xcode.app/Contents/Developer/Toolchains/XcodeDefault.xctoolchain/usr/lib/clang/10.0.0/include]
  collapse include dir [/Applications/Xcode.app/Contents/Developer/Toolchains/XcodeDefault.xctoolchain/usr/include] ==> [/Applications/Xcode.app/Contents/Developer/Toolchains/XcodeDefault.xctoolchain/usr/include]
  collapse include dir [/usr/include] ==> [/usr/include]
  implicit include dirs: [/opt/intel/compilers_and_libraries_2017.5.220/mac/mkl/include;/opt/intel/compilers_and_libraries_2017.5.220/mac/ipp/include;/opt/intel/compilers_and_libraries_2017.5.220/mac/tbb/include;/opt/intel/compilers_and_libraries_2017.5.220/mac/daal/include;/Applications/Xcode.app/Contents/Developer/Toolchains/XcodeDefault.xctoolchain/usr/include/c++/v1;/usr/local/include;/Applications/Xcode.app/Contents/Developer/Toolchains/XcodeDefault.xctoolchain/usr/lib/clang/10.0.0/include;/Applications/Xcode.app/Contents/Developer/Toolchains/XcodeDefault.xctoolchain/usr/include;/usr/include]


Parsed CXX implicit link information from above output:
  link line regex: [^( *|.*[/\])(ld|CMAKE_LINK_STARTFILE-NOTFOUND|([^/\]+-)?ld|collect2)[^/\]*( |$)]
  ignore line: [Change Dir: /Users/tgg/Github/rdkit/CMakeFiles/CMakeTmp]
  ignore line: []
  ignore line: [Run Build Command(s):/usr/bin/make cmTC_302b3/fast && /Applications/Xcode.app/Contents/Developer/usr/bin/make -f CMakeFiles/cmTC_302b3.dir/build.make CMakeFiles/cmTC_302b3.dir/build]
  ignore line: [Building CXX object CMakeFiles/cmTC_302b3.dir/CMakeCXXCompilerABI.cpp.o]
  ignore line: [/Applications/Xcode.app/Contents/Developer/Toolchains/XcodeDefault.xctoolchain/usr/bin/c++    -v -Wl -v -o CMakeFiles/cmTC_302b3.dir/CMakeCXXCompilerABI.cpp.o -c /usr/local/Cellar/cmake/3.16.2/share/cmake/Modules/CMakeCXXCompilerABI.cpp]
  ignore line: [Apple LLVM version 10.0.0 (clang-1000.11.45.5)]
  ignore line: [Target: x86_64-apple-darwin17.7.0]
  ignore line: [Thread model: posix]
  ignore line: [InstalledDir: /Applications/Xcode.app/Contents/Developer/Toolchains/XcodeDefault.xctoolchain/usr/bin]
  ignore line: [Found CUDA installation: /usr/local/cuda  version 8.0]
  ignore line: [clang: warning: -Wl -v: 'linker' input unused [-Wunused-command-line-argument]]
  ignore line: [ "/Applications/Xcode.app/Contents/Developer/Toolchains/XcodeDefault.xctoolchain/usr/bin/clang" -cc1 -triple x86_64-apple-macosx10.13.0 -Wdeprecated-objc-isa-usage -Werror=deprecated-objc-isa-usage -emit-obj -mrelax-all -disable-free -disable-llvm-verifier -discard-value-names -main-file-name CMakeCXXCompilerABI.cpp -mrelocation-model pic -pic-level 2 -mthread-model posix -mdisable-fp-elim -fno-strict-return -masm-verbose -munwind-tables -target-cpu penryn -dwarf-column-info -debugger-tuning=lldb -target-linker-version 409.12 -v -coverage-notes-file /Users/tgg/Github/rdkit/CMakeFiles/CMakeTmp/CMakeFiles/cmTC_302b3.dir/CMakeCXXCompilerABI.cpp.gcno -resource-dir /Applications/Xcode.app/Contents/Developer/Toolchains/XcodeDefault.xctoolchain/usr/lib/clang/10.0.0 -I/opt/intel/compilers_and_libraries_2017.5.220/mac/mkl/include -I/opt/intel/compilers_and_libraries_2017.5.220/mac/ipp/include -I/opt/intel/compilers_and_libraries_2017.5.220/mac/mkl/include -I/opt/intel/compilers_and_libraries_2017.5.220/mac/tbb/include -I/opt/intel/compilers_and_libraries_2017.5.220/mac/daal/include -stdlib=libc++ -fdeprecated-macro -fdebug-compilation-dir /Users/tgg/Github/rdkit/CMakeFiles/CMakeTmp -ferror-limit 19 -fmessage-length 0 -stack-protector 1 -fblocks -fencode-extended-block-signature -fobjc-runtime=macosx-10.13.0 -fcxx-exceptions -fexceptions -fmax-type-align=16 -fdiagnostics-show-option -o CMakeFiles/cmTC_302b3.dir/CMakeCXXCompilerABI.cpp.o -x c++ /usr/local/Cellar/cmake/3.16.2/share/cmake/Modules/CMakeCXXCompilerABI.cpp]
  ignore line: [clang -cc1 version 10.0.0 (clang-1000.11.45.5) default target x86_64-apple-darwin17.7.0]
  ignore line: [ignoring nonexistent directory "/usr/include/c++/v1"]
  ignore line: [ignoring duplicate directory "/opt/intel/compilers_and_libraries_2017.5.220/mac/mkl/include"]
  ignore line: [#include "..." search starts here:]
  ignore line: [#include <...> search starts here:]
  ignore line: [ /opt/intel/compilers_and_libraries_2017.5.220/mac/mkl/include]
  ignore line: [ /opt/intel/compilers_and_libraries_2017.5.220/mac/ipp/include]
  ignore line: [ /opt/intel/compilers_and_libraries_2017.5.220/mac/tbb/include]
  ignore line: [ /opt/intel/compilers_and_libraries_2017.5.220/mac/daal/include]
  ignore line: [ /Applications/Xcode.app/Contents/Developer/Toolchains/XcodeDefault.xctoolchain/usr/include/c++/v1]
  ignore line: [ /usr/local/include]
  ignore line: [ /Applications/Xcode.app/Contents/Developer/Toolchains/XcodeDefault.xctoolchain/usr/lib/clang/10.0.0/include]
  ignore line: [ /Applications/Xcode.app/Contents/Developer/Toolchains/XcodeDefault.xctoolchain/usr/include]
  ignore line: [ /usr/include]
  ignore line: [ /System/Library/Frameworks (framework directory)]
  ignore line: [ /Library/Frameworks (framework directory)]
  ignore line: [End of search list.]
  ignore line: [Linking CXX executable cmTC_302b3]
  ignore line: [/usr/local/Cellar/cmake/3.16.2/bin/cmake -E cmake_link_script CMakeFiles/cmTC_302b3.dir/link.txt --verbose=1]
  ignore line: [/Applications/Xcode.app/Contents/Developer/Toolchains/XcodeDefault.xctoolchain/usr/bin/c++    -Wl -search_paths_first -Wl -headerpad_max_install_names  -v -Wl -v CMakeFiles/cmTC_302b3.dir/CMakeCXXCompilerABI.cpp.o  -o cmTC_302b3 ]
  ignore line: [Apple LLVM version 10.0.0 (clang-1000.11.45.5)]
  ignore line: [Target: x86_64-apple-darwin17.7.0]
  ignore line: [Thread model: posix]
  ignore line: [InstalledDir: /Applications/Xcode.app/Contents/Developer/Toolchains/XcodeDefault.xctoolchain/usr/bin]
  ignore line: [Found CUDA installation: /usr/local/cuda  version 8.0]
  link line: [ "/Applications/Xcode.app/Contents/Developer/Toolchains/XcodeDefault.xctoolchain/usr/bin/ld" -demangle -lto_library /Applications/Xcode.app/Contents/Developer/Toolchains/XcodeDefault.xctoolchain/usr/lib/libLTO.dylib -dynamic -arch x86_64 -macosx_version_min 10.13.0 -o cmTC_302b3 -search_paths_first -headerpad_max_install_names -v CMakeFiles/cmTC_302b3.dir/CMakeCXXCompilerABI.cpp.o -L/opt/intel/compilers_and_libraries_2017.5.220/mac/compiler/lib -L/opt/intel/compilers_and_libraries_2017.5.220/mac/mkl/lib -L/opt/intel/compilers_and_libraries_2017.5.220/mac/ipp/lib -L/opt/intel/compilers_and_libraries_2017.5.220/mac/compiler/lib -L/opt/intel/compilers_and_libraries_2017.5.220/mac/mkl/lib -L/opt/intel/compilers_and_libraries_2017.5.220/mac/tbb/lib -L/opt/intel/compilers_and_libraries_2017.5.220/mac/daal/lib -L/opt/intel/compilers_and_libraries_2017.5.220/mac/daal/../tbb/lib -lc++ -lSystem /Applications/Xcode.app/Contents/Developer/Toolchains/XcodeDefault.xctoolchain/usr/lib/clang/10.0.0/lib/darwin/libclang_rt.osx.a]
    arg [/Applications/Xcode.app/Contents/Developer/Toolchains/XcodeDefault.xctoolchain/usr/bin/ld] ==> ignore
    arg [-demangle] ==> ignore
    arg [-lto_library] ==> ignore, skip following value
    arg [/Applications/Xcode.app/Contents/Developer/Toolchains/XcodeDefault.xctoolchain/usr/lib/libLTO.dylib] ==> skip value of -lto_library
    arg [-dynamic] ==> ignore
    arg [-arch] ==> ignore
    arg [x86_64] ==> ignore
    arg [-macosx_version_min] ==> ignore
    arg [10.13.0] ==> ignore
    arg [-o] ==> ignore
    arg [cmTC_302b3] ==> ignore
    arg [-search_paths_first] ==> ignore
    arg [-headerpad_max_install_names] ==> ignore
    arg [-v] ==> ignore
    arg [CMakeFiles/cmTC_302b3.dir/CMakeCXXCompilerABI.cpp.o] ==> ignore
    arg [-L/opt/intel/compilers_and_libraries_2017.5.220/mac/compiler/lib] ==> dir [/opt/intel/compilers_and_libraries_2017.5.220/mac/compiler/lib]
    arg [-L/opt/intel/compilers_and_libraries_2017.5.220/mac/mkl/lib] ==> dir [/opt/intel/compilers_and_libraries_2017.5.220/mac/mkl/lib]
    arg [-L/opt/intel/compilers_and_libraries_2017.5.220/mac/ipp/lib] ==> dir [/opt/intel/compilers_and_libraries_2017.5.220/mac/ipp/lib]
    arg [-L/opt/intel/compilers_and_libraries_2017.5.220/mac/compiler/lib] ==> dir [/opt/intel/compilers_and_libraries_2017.5.220/mac/compiler/lib]
    arg [-L/opt/intel/compilers_and_libraries_2017.5.220/mac/mkl/lib] ==> dir [/opt/intel/compilers_and_libraries_2017.5.220/mac/mkl/lib]
    arg [-L/opt/intel/compilers_and_libraries_2017.5.220/mac/tbb/lib] ==> dir [/opt/intel/compilers_and_libraries_2017.5.220/mac/tbb/lib]
    arg [-L/opt/intel/compilers_and_libraries_2017.5.220/mac/daal/lib] ==> dir [/opt/intel/compilers_and_libraries_2017.5.220/mac/daal/lib]
    arg [-L/opt/intel/compilers_and_libraries_2017.5.220/mac/daal/../tbb/lib] ==> dir [/opt/intel/compilers_and_libraries_2017.5.220/mac/daal/../tbb/lib]
    arg [-lc++] ==> lib [c++]
    arg [-lSystem] ==> lib [System]
    arg [/Applications/Xcode.app/Contents/Developer/Toolchains/XcodeDefault.xctoolchain/usr/lib/clang/10.0.0/lib/darwin/libclang_rt.osx.a] ==> lib [/Applications/Xcode.app/Contents/Developer/Toolchains/XcodeDefault.xctoolchain/usr/lib/clang/10.0.0/lib/darwin/libclang_rt.osx.a]
  Library search paths: [;/opt/intel/compilers_and_libraries_2017.5.220/mac/compiler/lib;/opt/intel/compilers_and_libraries_2017.5.220/mac/mkl/lib;/opt/intel/compilers_and_libraries_2017.5.220/mac/ipp/lib;/opt/intel/compilers_and_libraries_2017.5.220/mac/compiler/lib;/opt/intel/compilers_and_libraries_2017.5.220/mac/mkl/lib;/opt/intel/compilers_and_libraries_2017.5.220/mac/tbb/lib;/opt/intel/compilers_and_libraries_2017.5.220/mac/daal/lib;/opt/intel/compilers_and_libraries_2017.5.220/mac/tbb/lib;/usr/lib;/usr/local/lib]
  Framework search paths: [;/Library/Frameworks/;/System/Library/Frameworks/]
  remove lib [System]
  remove lib [/Applications/Xcode.app/Contents/Developer/Toolchains/XcodeDefault.xctoolchain/usr/lib/clang/10.0.0/lib/darwin/libclang_rt.osx.a]
  collapse library dir [/opt/intel/compilers_and_libraries_2017.5.220/mac/compiler/lib] ==> [/opt/intel/compilers_and_libraries_2017.5.220/mac/compiler/lib]
  collapse library dir [/opt/intel/compilers_and_libraries_2017.5.220/mac/mkl/lib] ==> [/opt/intel/compilers_and_libraries_2017.5.220/mac/mkl/lib]
  collapse library dir [/opt/intel/compilers_and_libraries_2017.5.220/mac/ipp/lib] ==> [/opt/intel/compilers_and_libraries_2017.5.220/mac/ipp/lib]
  collapse library dir [/opt/intel/compilers_and_libraries_2017.5.220/mac/compiler/lib] ==> [/opt/intel/compilers_and_libraries_2017.5.220/mac/compiler/lib]
  collapse library dir [/opt/intel/compilers_and_libraries_2017.5.220/mac/mkl/lib] ==> [/opt/intel/compilers_and_libraries_2017.5.220/mac/mkl/lib]
  collapse library dir [/opt/intel/compilers_and_libraries_2017.5.220/mac/tbb/lib] ==> [/opt/intel/compilers_and_libraries_2017.5.220/mac/tbb/lib]
  collapse library dir [/opt/intel/compilers_and_libraries_2017.5.220/mac/daal/lib] ==> [/opt/intel/compilers_and_libraries_2017.5.220/mac/daal/lib]
  collapse library dir [/opt/intel/compilers_and_libraries_2017.5.220/mac/daal/../tbb/lib] ==> [/opt/intel/compilers_and_libraries_2017.5.220/mac/tbb/lib]
  collapse library dir [/opt/intel/compilers_and_libraries_2017.5.220/mac/compiler/lib] ==> [/opt/intel/compilers_and_libraries_2017.5.220/mac/compiler/lib]
  collapse library dir [/opt/intel/compilers_and_libraries_2017.5.220/mac/mkl/lib] ==> [/opt/intel/compilers_and_libraries_2017.5.220/mac/mkl/lib]
  collapse library dir [/opt/intel/compilers_and_libraries_2017.5.220/mac/ipp/lib] ==> [/opt/intel/compilers_and_libraries_2017.5.220/mac/ipp/lib]
  collapse library dir [/opt/intel/compilers_and_libraries_2017.5.220/mac/compiler/lib] ==> [/opt/intel/compilers_and_libraries_2017.5.220/mac/compiler/lib]
  collapse library dir [/opt/intel/compilers_and_libraries_2017.5.220/mac/mkl/lib] ==> [/opt/intel/compilers_and_libraries_2017.5.220/mac/mkl/lib]
  collapse library dir [/opt/intel/compilers_and_libraries_2017.5.220/mac/tbb/lib] ==> [/opt/intel/compilers_and_libraries_2017.5.220/mac/tbb/lib]
  collapse library dir [/opt/intel/compilers_and_libraries_2017.5.220/mac/daal/lib] ==> [/opt/intel/compilers_and_libraries_2017.5.220/mac/daal/lib]
  collapse library dir [/opt/intel/compilers_and_libraries_2017.5.220/mac/tbb/lib] ==> [/opt/intel/compilers_and_libraries_2017.5.220/mac/tbb/lib]
  collapse library dir [/usr/lib] ==> [/usr/lib]
  collapse library dir [/usr/local/lib] ==> [/usr/local/lib]
  collapse framework dir [/Library/Frameworks/] ==> [/Library/Frameworks]
  collapse framework dir [/System/Library/Frameworks/] ==> [/System/Library/Frameworks]
  implicit libs: [c++]
  implicit dirs: [/opt/intel/compilers_and_libraries_2017.5.220/mac/compiler/lib;/opt/intel/compilers_and_libraries_2017.5.220/mac/mkl/lib;/opt/intel/compilers_and_libraries_2017.5.220/mac/ipp/lib;/opt/intel/compilers_and_libraries_2017.5.220/mac/tbb/lib;/opt/intel/compilers_and_libraries_2017.5.220/mac/daal/lib;/usr/lib;/usr/local/lib]
  implicit fwks: [/Library/Frameworks;/System/Library/Frameworks]


